[1.262s] DEBUG:colcon:Command line arguments: ['/home/akash/.espressif/python_env/idf5.2_py3.10_env/bin/colcon', 'build']
[1.263s] DEBUG:colcon:Parsed command line arguments: Namespace(log_base=None, log_level=None, verb_name='build', build_base='build', install_base='install', merge_install=False, symlink_install=False, test_result_base=None, continue_on_error=False, executor='parallel', parallel_workers=4, event_handlers=None, ignore_user_meta=False, metas=['./colcon.meta'], base_paths=['.'], packages_ignore=None, packages_ignore_regex=None, paths=None, packages_up_to=None, packages_up_to_regex=None, packages_above=None, packages_above_and_dependencies=None, packages_above_depth=None, packages_select_by_dep=None, packages_skip_by_dep=None, packages_skip_up_to=None, packages_select_build_failed=False, packages_skip_build_finished=False, packages_select_test_failures=False, packages_skip_test_passed=False, packages_select=None, packages_skip=None, packages_select_regex=None, packages_skip_regex=None, packages_start=None, packages_end=None, cmake_args=None, cmake_target=None, cmake_target_skip_unavailable=False, cmake_clean_cache=False, cmake_clean_first=False, cmake_force_configure=False, ament_cmake_args=None, catkin_cmake_args=None, catkin_skip_building_tests=False, verb_parser=<colcon_defaults.argument_parser.defaults.DefaultArgumentsDecorator object at 0x7fc31efa5120>, verb_extension=<colcon_core.verb.build.BuildVerb object at 0x7fc31efa4c10>, main=<bound method BuildVerb.main of <colcon_core.verb.build.BuildVerb object at 0x7fc31efa4c10>>)
[1.487s] Level 1:colcon.colcon_core.package_discovery:discover_packages(colcon_meta) check parameters
[1.487s] Level 1:colcon.colcon_core.package_discovery:discover_packages(recursive) check parameters
[1.487s] Level 1:colcon.colcon_core.package_discovery:discover_packages(ignore) check parameters
[1.487s] Level 1:colcon.colcon_core.package_discovery:discover_packages(path) check parameters
[1.487s] Level 1:colcon.colcon_core.package_discovery:discover_packages(colcon_meta) discover
[1.487s] Level 1:colcon.colcon_core.package_discovery:discover_packages(recursive) discover
[1.487s] INFO:colcon.colcon_core.package_discovery:Crawling recursively for packages in '/home/akash/dung_cleaner_robot/ROS/robot_base'
[1.487s] Level 1:colcon.colcon_core.package_identification:_identify(.) by extensions ['ignore', 'ignore_ament_install']
[1.488s] Level 1:colcon.colcon_core.package_identification:_identify(.) by extension 'ignore'
[1.488s] Level 1:colcon.colcon_core.package_identification:_identify(.) by extension 'ignore_ament_install'
[1.488s] Level 1:colcon.colcon_core.package_identification:_identify(.) by extensions ['colcon_pkg']
[1.488s] Level 1:colcon.colcon_core.package_identification:_identify(.) by extension 'colcon_pkg'
[1.488s] Level 1:colcon.colcon_core.package_identification:_identify(.) by extensions ['colcon_meta']
[1.488s] Level 1:colcon.colcon_core.package_identification:_identify(.) by extension 'colcon_meta'
[1.488s] Level 1:colcon.colcon_core.package_identification:_identify(.) by extensions ['ros']
[1.488s] Level 1:colcon.colcon_core.package_identification:_identify(.) by extension 'ros'
[1.562s] DEBUG:colcon.colcon_core.package_identification:Package '.' with type 'ros.ament_cmake' and name 'robot_base'
[1.562s] Level 1:colcon.colcon_core.package_discovery:discover_packages(recursive) using defaults
[1.563s] Level 1:colcon.colcon_core.package_discovery:discover_packages(ignore) discover
[1.563s] Level 1:colcon.colcon_core.package_discovery:discover_packages(ignore) using defaults
[1.563s] Level 1:colcon.colcon_core.package_discovery:discover_packages(path) discover
[1.563s] Level 1:colcon.colcon_core.package_discovery:discover_packages(path) using defaults
[1.653s] Level 5:colcon.colcon_core.verb:set package 'robot_base' build argument 'cmake_args' from command line to 'None'
[1.653s] Level 5:colcon.colcon_core.verb:set package 'robot_base' build argument 'cmake_target' from command line to 'None'
[1.653s] Level 5:colcon.colcon_core.verb:set package 'robot_base' build argument 'cmake_target_skip_unavailable' from command line to 'False'
[1.653s] Level 5:colcon.colcon_core.verb:set package 'robot_base' build argument 'cmake_clean_cache' from command line to 'False'
[1.653s] Level 5:colcon.colcon_core.verb:set package 'robot_base' build argument 'cmake_clean_first' from command line to 'False'
[1.653s] Level 5:colcon.colcon_core.verb:set package 'robot_base' build argument 'cmake_force_configure' from command line to 'False'
[1.653s] Level 5:colcon.colcon_core.verb:set package 'robot_base' build argument 'ament_cmake_args' from command line to 'None'
[1.653s] Level 5:colcon.colcon_core.verb:set package 'robot_base' build argument 'catkin_cmake_args' from command line to 'None'
[1.653s] Level 5:colcon.colcon_core.verb:set package 'robot_base' build argument 'catkin_skip_building_tests' from command line to 'False'
[1.653s] DEBUG:colcon.colcon_core.verb:Building package 'robot_base' with the following arguments: {'ament_cmake_args': None, 'build_base': '/home/akash/dung_cleaner_robot/ROS/robot_base/build/robot_base', 'catkin_cmake_args': None, 'catkin_skip_building_tests': False, 'cmake_args': None, 'cmake_clean_cache': False, 'cmake_clean_first': False, 'cmake_force_configure': False, 'cmake_target': None, 'cmake_target_skip_unavailable': False, 'install_base': '/home/akash/dung_cleaner_robot/ROS/robot_base/install/robot_base', 'merge_install': False, 'path': '/home/akash/dung_cleaner_robot/ROS/robot_base', 'symlink_install': False, 'test_result_base': None}
[1.653s] INFO:colcon.colcon_core.executor:Executing jobs using 'parallel' executor
[1.655s] DEBUG:colcon.colcon_parallel_executor.executor.parallel:run_until_complete
[1.655s] INFO:colcon.colcon_ros.task.ament_cmake.build:Building ROS package in '/home/akash/dung_cleaner_robot/ROS/robot_base' with build type 'ament_cmake'
[1.655s] INFO:colcon.colcon_cmake.task.cmake.build:Building CMake package in '/home/akash/dung_cleaner_robot/ROS/robot_base'
[1.696s] INFO:colcon.colcon_core.plugin_system:Skipping extension 'colcon_core.shell.bat': Not used on non-Windows systems
[1.696s] INFO:colcon.colcon_core.shell:Skip shell extension 'powershell' for command environment: Not usable outside of PowerShell
[1.697s] DEBUG:colcon.colcon_core.shell:Skip shell extension 'dsv' for command environment
[1.713s] WARNING:colcon.colcon_ros.prefix_path.ament:The path '/home/akash/dung_cleaner_robot/ROS/robot_base/install/robot_base' in the environment variable AMENT_PREFIX_PATH doesn't exist
[1.717s] WARNING:colcon.colcon_ros.prefix_path.catkin:The path '/home/akash/dung_cleaner_robot/ROS/robot_base/install/robot_base' in the environment variable CMAKE_PREFIX_PATH doesn't exist
[1.803s] DEBUG:colcon.colcon_core.event_handler.log_command:Invoking command in '/home/akash/dung_cleaner_robot/ROS/robot_base/build/robot_base': CMAKE_PREFIX_PATH=${CMAKE_PREFIX_PATH}:/opt/ros/humble /usr/bin/cmake /home/akash/dung_cleaner_robot/ROS/robot_base -DCMAKE_INSTALL_PREFIX=/home/akash/dung_cleaner_robot/ROS/robot_base/install/robot_base
[9.053s] DEBUG:colcon.colcon_core.event_handler.log_command:Invoked command in '/home/akash/dung_cleaner_robot/ROS/robot_base/build/robot_base' returned '0': CMAKE_PREFIX_PATH=${CMAKE_PREFIX_PATH}:/opt/ros/humble /usr/bin/cmake /home/akash/dung_cleaner_robot/ROS/robot_base -DCMAKE_INSTALL_PREFIX=/home/akash/dung_cleaner_robot/ROS/robot_base/install/robot_base
[9.057s] DEBUG:colcon.colcon_core.event_handler.log_command:Invoking command in '/home/akash/dung_cleaner_robot/ROS/robot_base/build/robot_base': CMAKE_PREFIX_PATH=${CMAKE_PREFIX_PATH}:/opt/ros/humble /usr/bin/cmake --build /home/akash/dung_cleaner_robot/ROS/robot_base/build/robot_base -- -j4 -l4
[18.354s] DEBUG:colcon.colcon_core.event_handler.log_command:Invoked command in '/home/akash/dung_cleaner_robot/ROS/robot_base/build/robot_base' returned '0': CMAKE_PREFIX_PATH=${CMAKE_PREFIX_PATH}:/opt/ros/humble /usr/bin/cmake --build /home/akash/dung_cleaner_robot/ROS/robot_base/build/robot_base -- -j4 -l4
[18.360s] DEBUG:colcon.colcon_core.event_handler.log_command:Invoking command in '/home/akash/dung_cleaner_robot/ROS/robot_base/build/robot_base': CMAKE_PREFIX_PATH=${CMAKE_PREFIX_PATH}:/opt/ros/humble /usr/bin/cmake --install /home/akash/dung_cleaner_robot/ROS/robot_base/build/robot_base
[18.390s] Level 1:colcon.colcon_core.environment:create_environment_scripts_only(robot_base)
[18.391s] DEBUG:colcon.colcon_core.event_handler.log_command:Invoked command in '/home/akash/dung_cleaner_robot/ROS/robot_base/build/robot_base' returned '0': CMAKE_PREFIX_PATH=${CMAKE_PREFIX_PATH}:/opt/ros/humble /usr/bin/cmake --install /home/akash/dung_cleaner_robot/ROS/robot_base/build/robot_base
[18.408s] Level 1:colcon.colcon_core.environment:checking '/home/akash/dung_cleaner_robot/ROS/robot_base/install/robot_base' for CMake module files
[18.409s] Level 1:colcon.colcon_core.environment:checking '/home/akash/dung_cleaner_robot/ROS/robot_base/install/robot_base' for CMake config files
[18.409s] Level 1:colcon.colcon_core.shell:create_environment_hook('robot_base', 'cmake_prefix_path')
[18.409s] INFO:colcon.colcon_core.shell:Creating environment hook '/home/akash/dung_cleaner_robot/ROS/robot_base/install/robot_base/share/robot_base/hook/cmake_prefix_path.ps1'
[18.410s] INFO:colcon.colcon_core.shell:Creating environment descriptor '/home/akash/dung_cleaner_robot/ROS/robot_base/install/robot_base/share/robot_base/hook/cmake_prefix_path.dsv'
[18.411s] INFO:colcon.colcon_core.shell:Creating environment hook '/home/akash/dung_cleaner_robot/ROS/robot_base/install/robot_base/share/robot_base/hook/cmake_prefix_path.sh'
[18.412s] Level 1:colcon.colcon_core.environment:checking '/home/akash/dung_cleaner_robot/ROS/robot_base/install/robot_base/lib'
[18.412s] Level 1:colcon.colcon_core.environment:checking '/home/akash/dung_cleaner_robot/ROS/robot_base/install/robot_base/bin'
[18.413s] Level 1:colcon.colcon_core.environment:checking '/home/akash/dung_cleaner_robot/ROS/robot_base/install/robot_base/lib/pkgconfig/robot_base.pc'
[18.413s] Level 1:colcon.colcon_core.environment:checking '/home/akash/dung_cleaner_robot/ROS/robot_base/install/robot_base/lib/python3.10/site-packages'
[18.414s] Level 1:colcon.colcon_core.environment:checking '/home/akash/dung_cleaner_robot/ROS/robot_base/install/robot_base/bin'
[18.414s] INFO:colcon.colcon_core.shell:Creating package script '/home/akash/dung_cleaner_robot/ROS/robot_base/install/robot_base/share/robot_base/package.ps1'
[18.418s] INFO:colcon.colcon_core.shell:Creating package descriptor '/home/akash/dung_cleaner_robot/ROS/robot_base/install/robot_base/share/robot_base/package.dsv'
[18.419s] INFO:colcon.colcon_core.shell:Creating package script '/home/akash/dung_cleaner_robot/ROS/robot_base/install/robot_base/share/robot_base/package.sh'
[18.420s] INFO:colcon.colcon_core.shell:Creating package script '/home/akash/dung_cleaner_robot/ROS/robot_base/install/robot_base/share/robot_base/package.bash'
[18.431s] INFO:colcon.colcon_core.shell:Creating package script '/home/akash/dung_cleaner_robot/ROS/robot_base/install/robot_base/share/robot_base/package.zsh'
[18.436s] Level 1:colcon.colcon_core.environment:create_file_with_runtime_dependencies(/home/akash/dung_cleaner_robot/ROS/robot_base/install/robot_base/share/colcon-core/packages/robot_base)
[18.447s] Level 1:colcon.colcon_core.environment:create_environment_scripts_only(robot_base)
[18.448s] Level 1:colcon.colcon_core.environment:checking '/home/akash/dung_cleaner_robot/ROS/robot_base/install/robot_base' for CMake module files
[18.448s] Level 1:colcon.colcon_core.environment:checking '/home/akash/dung_cleaner_robot/ROS/robot_base/install/robot_base' for CMake config files
[18.448s] Level 1:colcon.colcon_core.shell:create_environment_hook('robot_base', 'cmake_prefix_path')
[18.448s] INFO:colcon.colcon_core.shell:Creating environment hook '/home/akash/dung_cleaner_robot/ROS/robot_base/install/robot_base/share/robot_base/hook/cmake_prefix_path.ps1'
[18.449s] INFO:colcon.colcon_core.shell:Creating environment descriptor '/home/akash/dung_cleaner_robot/ROS/robot_base/install/robot_base/share/robot_base/hook/cmake_prefix_path.dsv'
[18.449s] INFO:colcon.colcon_core.shell:Creating environment hook '/home/akash/dung_cleaner_robot/ROS/robot_base/install/robot_base/share/robot_base/hook/cmake_prefix_path.sh'
[18.449s] Level 1:colcon.colcon_core.environment:checking '/home/akash/dung_cleaner_robot/ROS/robot_base/install/robot_base/lib'
[18.449s] Level 1:colcon.colcon_core.environment:checking '/home/akash/dung_cleaner_robot/ROS/robot_base/install/robot_base/bin'
[18.449s] Level 1:colcon.colcon_core.environment:checking '/home/akash/dung_cleaner_robot/ROS/robot_base/install/robot_base/lib/pkgconfig/robot_base.pc'
[18.450s] Level 1:colcon.colcon_core.environment:checking '/home/akash/dung_cleaner_robot/ROS/robot_base/install/robot_base/lib/python3.10/site-packages'
[18.450s] Level 1:colcon.colcon_core.environment:checking '/home/akash/dung_cleaner_robot/ROS/robot_base/install/robot_base/bin'
[18.450s] INFO:colcon.colcon_core.shell:Creating package script '/home/akash/dung_cleaner_robot/ROS/robot_base/install/robot_base/share/robot_base/package.ps1'
[18.450s] INFO:colcon.colcon_core.shell:Creating package descriptor '/home/akash/dung_cleaner_robot/ROS/robot_base/install/robot_base/share/robot_base/package.dsv'
[18.451s] INFO:colcon.colcon_core.shell:Creating package script '/home/akash/dung_cleaner_robot/ROS/robot_base/install/robot_base/share/robot_base/package.sh'
[18.451s] INFO:colcon.colcon_core.shell:Creating package script '/home/akash/dung_cleaner_robot/ROS/robot_base/install/robot_base/share/robot_base/package.bash'
[18.451s] INFO:colcon.colcon_core.shell:Creating package script '/home/akash/dung_cleaner_robot/ROS/robot_base/install/robot_base/share/robot_base/package.zsh'
[18.452s] Level 1:colcon.colcon_core.environment:create_file_with_runtime_dependencies(/home/akash/dung_cleaner_robot/ROS/robot_base/install/robot_base/share/colcon-core/packages/robot_base)
[18.452s] DEBUG:colcon.colcon_parallel_executor.executor.parallel:closing loop
[18.453s] DEBUG:colcon.colcon_parallel_executor.executor.parallel:loop closed
[18.453s] DEBUG:colcon.colcon_parallel_executor.executor.parallel:run_until_complete finished with '0'
[18.453s] DEBUG:colcon.colcon_core.event_reactor:joining thread
[18.472s] INFO:colcon.colcon_core.plugin_system:Skipping extension 'colcon_notification.desktop_notification.notify2': 'notify2' not found
[18.500s] INFO:colcon.colcon_core.plugin_system:Skipping extension 'colcon_notification.desktop_notification.notify_send': Could not find 'notify-send'
[18.500s] INFO:colcon.colcon_core.plugin_system:Skipping extension 'colcon_notification.desktop_notification.terminal_notifier': Not used on non-Darwin systems
[18.500s] INFO:colcon.colcon_core.plugin_system:Skipping extension 'colcon_notification.desktop_notification.win32': Not used on non-Windows systems
[18.500s] DEBUG:colcon.colcon_core.event_reactor:joined thread
[18.501s] INFO:colcon.colcon_core.shell:Creating prefix script '/home/akash/dung_cleaner_robot/ROS/robot_base/install/local_setup.ps1'
[18.508s] INFO:colcon.colcon_core.shell:Creating prefix util module '/home/akash/dung_cleaner_robot/ROS/robot_base/install/_local_setup_util_ps1.py'
[18.512s] INFO:colcon.colcon_core.shell:Creating prefix chain script '/home/akash/dung_cleaner_robot/ROS/robot_base/install/setup.ps1'
[18.522s] INFO:colcon.colcon_core.shell:Creating prefix script '/home/akash/dung_cleaner_robot/ROS/robot_base/install/local_setup.sh'
[18.525s] INFO:colcon.colcon_core.shell:Creating prefix util module '/home/akash/dung_cleaner_robot/ROS/robot_base/install/_local_setup_util_sh.py'
[18.525s] INFO:colcon.colcon_core.shell:Creating prefix chain script '/home/akash/dung_cleaner_robot/ROS/robot_base/install/setup.sh'
[18.528s] INFO:colcon.colcon_core.shell:Creating prefix script '/home/akash/dung_cleaner_robot/ROS/robot_base/install/local_setup.bash'
[18.529s] INFO:colcon.colcon_core.shell:Creating prefix chain script '/home/akash/dung_cleaner_robot/ROS/robot_base/install/setup.bash'
[18.530s] INFO:colcon.colcon_core.shell:Creating prefix script '/home/akash/dung_cleaner_robot/ROS/robot_base/install/local_setup.zsh'
[18.533s] INFO:colcon.colcon_core.shell:Creating prefix chain script '/home/akash/dung_cleaner_robot/ROS/robot_base/install/setup.zsh'
