[0.707s] DEBUG:colcon:Command line arguments: ['/home/akash/.espressif/python_env/idf5.2_py3.10_env/bin/colcon', 'build']
[0.707s] DEBUG:colcon:Parsed command line arguments: Namespace(log_base=None, log_level=None, verb_name='build', build_base='build', install_base='install', merge_install=False, symlink_install=False, test_result_base=None, continue_on_error=False, executor='parallel', parallel_workers=4, event_handlers=None, ignore_user_meta=False, metas=['./colcon.meta'], base_paths=['.'], packages_ignore=None, packages_ignore_regex=None, paths=None, packages_up_to=None, packages_up_to_regex=None, packages_above=None, packages_above_and_dependencies=None, packages_above_depth=None, packages_select_by_dep=None, packages_skip_by_dep=None, packages_skip_up_to=None, packages_select_build_failed=False, packages_skip_build_finished=False, packages_select_test_failures=False, packages_skip_test_passed=False, packages_select=None, packages_skip=None, packages_select_regex=None, packages_skip_regex=None, packages_start=None, packages_end=None, cmake_args=None, cmake_target=None, cmake_target_skip_unavailable=False, cmake_clean_cache=False, cmake_clean_first=False, cmake_force_configure=False, ament_cmake_args=None, catkin_cmake_args=None, catkin_skip_building_tests=False, verb_parser=<colcon_defaults.argument_parser.defaults.DefaultArgumentsDecorator object at 0x7f990aa01120>, verb_extension=<colcon_core.verb.build.BuildVerb object at 0x7f990aa00c10>, main=<bound method BuildVerb.main of <colcon_core.verb.build.BuildVerb object at 0x7f990aa00c10>>)
[0.749s] Level 1:colcon.colcon_core.package_discovery:discover_packages(colcon_meta) check parameters
[0.749s] Level 1:colcon.colcon_core.package_discovery:discover_packages(recursive) check parameters
[0.749s] Level 1:colcon.colcon_core.package_discovery:discover_packages(ignore) check parameters
[0.749s] Level 1:colcon.colcon_core.package_discovery:discover_packages(path) check parameters
[0.749s] Level 1:colcon.colcon_core.package_discovery:discover_packages(colcon_meta) discover
[0.749s] Level 1:colcon.colcon_core.package_discovery:discover_packages(recursive) discover
[0.750s] INFO:colcon.colcon_core.package_discovery:Crawling recursively for packages in '/home/akash/dung_cleaner_robot/ROS/robot_base'
[0.750s] Level 1:colcon.colcon_core.package_identification:_identify(.) by extensions ['ignore', 'ignore_ament_install']
[0.750s] Level 1:colcon.colcon_core.package_identification:_identify(.) by extension 'ignore'
[0.750s] Level 1:colcon.colcon_core.package_identification:_identify(.) by extension 'ignore_ament_install'
[0.750s] Level 1:colcon.colcon_core.package_identification:_identify(.) by extensions ['colcon_pkg']
[0.750s] Level 1:colcon.colcon_core.package_identification:_identify(.) by extension 'colcon_pkg'
[0.750s] Level 1:colcon.colcon_core.package_identification:_identify(.) by extensions ['colcon_meta']
[0.750s] Level 1:colcon.colcon_core.package_identification:_identify(.) by extension 'colcon_meta'
[0.750s] Level 1:colcon.colcon_core.package_identification:_identify(.) by extensions ['ros']
[0.750s] Level 1:colcon.colcon_core.package_identification:_identify(.) by extension 'ros'
[0.768s] DEBUG:colcon.colcon_core.package_identification:Package '.' with type 'ros.ament_cmake' and name 'robot_base'
[0.769s] Level 1:colcon.colcon_core.package_discovery:discover_packages(recursive) using defaults
[0.769s] Level 1:colcon.colcon_core.package_discovery:discover_packages(ignore) discover
[0.769s] Level 1:colcon.colcon_core.package_discovery:discover_packages(ignore) using defaults
[0.769s] Level 1:colcon.colcon_core.package_discovery:discover_packages(path) discover
[0.769s] Level 1:colcon.colcon_core.package_discovery:discover_packages(path) using defaults
[0.781s] Level 5:colcon.colcon_core.verb:set package 'robot_base' build argument 'cmake_args' from command line to 'None'
[0.781s] Level 5:colcon.colcon_core.verb:set package 'robot_base' build argument 'cmake_target' from command line to 'None'
[0.781s] Level 5:colcon.colcon_core.verb:set package 'robot_base' build argument 'cmake_target_skip_unavailable' from command line to 'False'
[0.781s] Level 5:colcon.colcon_core.verb:set package 'robot_base' build argument 'cmake_clean_cache' from command line to 'False'
[0.781s] Level 5:colcon.colcon_core.verb:set package 'robot_base' build argument 'cmake_clean_first' from command line to 'False'
[0.781s] Level 5:colcon.colcon_core.verb:set package 'robot_base' build argument 'cmake_force_configure' from command line to 'False'
[0.781s] Level 5:colcon.colcon_core.verb:set package 'robot_base' build argument 'ament_cmake_args' from command line to 'None'
[0.782s] Level 5:colcon.colcon_core.verb:set package 'robot_base' build argument 'catkin_cmake_args' from command line to 'None'
[0.782s] Level 5:colcon.colcon_core.verb:set package 'robot_base' build argument 'catkin_skip_building_tests' from command line to 'False'
[0.782s] DEBUG:colcon.colcon_core.verb:Building package 'robot_base' with the following arguments: {'ament_cmake_args': None, 'build_base': '/home/akash/dung_cleaner_robot/ROS/robot_base/build/robot_base', 'catkin_cmake_args': None, 'catkin_skip_building_tests': False, 'cmake_args': None, 'cmake_clean_cache': False, 'cmake_clean_first': False, 'cmake_force_configure': False, 'cmake_target': None, 'cmake_target_skip_unavailable': False, 'install_base': '/home/akash/dung_cleaner_robot/ROS/robot_base/install/robot_base', 'merge_install': False, 'path': '/home/akash/dung_cleaner_robot/ROS/robot_base', 'symlink_install': False, 'test_result_base': None}
[0.782s] INFO:colcon.colcon_core.executor:Executing jobs using 'parallel' executor
[0.783s] DEBUG:colcon.colcon_parallel_executor.executor.parallel:run_until_complete
[0.783s] INFO:colcon.colcon_ros.task.ament_cmake.build:Building ROS package in '/home/akash/dung_cleaner_robot/ROS/robot_base' with build type 'ament_cmake'
[0.784s] INFO:colcon.colcon_cmake.task.cmake.build:Building CMake package in '/home/akash/dung_cleaner_robot/ROS/robot_base'
[0.786s] INFO:colcon.colcon_core.plugin_system:Skipping extension 'colcon_core.shell.bat': Not used on non-Windows systems
[0.786s] INFO:colcon.colcon_core.shell:Skip shell extension 'powershell' for command environment: Not usable outside of PowerShell
[0.786s] DEBUG:colcon.colcon_core.shell:Skip shell extension 'dsv' for command environment
[0.787s] WARNING:colcon.colcon_ros.prefix_path.ament:The path '/home/akash/dung_cleaner_robot/ROS/robot_base/install/robot_base' in the environment variable AMENT_PREFIX_PATH doesn't exist
[0.787s] WARNING:colcon.colcon_ros.prefix_path.catkin:The path '/home/akash/dung_cleaner_robot/ROS/robot_base/install/robot_base' in the environment variable CMAKE_PREFIX_PATH doesn't exist
[0.833s] DEBUG:colcon.colcon_core.event_handler.log_command:Invoking command in '/home/akash/dung_cleaner_robot/ROS/robot_base/build/robot_base': CMAKE_PREFIX_PATH=${CMAKE_PREFIX_PATH}:/opt/ros/humble /usr/bin/cmake /home/akash/dung_cleaner_robot/ROS/robot_base -DCMAKE_INSTALL_PREFIX=/home/akash/dung_cleaner_robot/ROS/robot_base/install/robot_base
[7.321s] DEBUG:colcon.colcon_core.event_handler.log_command:Invoked command in '/home/akash/dung_cleaner_robot/ROS/robot_base/build/robot_base' returned '0': CMAKE_PREFIX_PATH=${CMAKE_PREFIX_PATH}:/opt/ros/humble /usr/bin/cmake /home/akash/dung_cleaner_robot/ROS/robot_base -DCMAKE_INSTALL_PREFIX=/home/akash/dung_cleaner_robot/ROS/robot_base/install/robot_base
[7.321s] DEBUG:colcon.colcon_core.event_handler.log_command:Invoking command in '/home/akash/dung_cleaner_robot/ROS/robot_base/build/robot_base': CMAKE_PREFIX_PATH=${CMAKE_PREFIX_PATH}:/opt/ros/humble /usr/bin/cmake --build /home/akash/dung_cleaner_robot/ROS/robot_base/build/robot_base -- -j4 -l4
[19.134s] DEBUG:colcon.colcon_core.event_handler.log_command:Invoked command in '/home/akash/dung_cleaner_robot/ROS/robot_base/build/robot_base' returned '0': CMAKE_PREFIX_PATH=${CMAKE_PREFIX_PATH}:/opt/ros/humble /usr/bin/cmake --build /home/akash/dung_cleaner_robot/ROS/robot_base/build/robot_base -- -j4 -l4
[19.150s] DEBUG:colcon.colcon_core.event_handler.log_command:Invoking command in '/home/akash/dung_cleaner_robot/ROS/robot_base/build/robot_base': CMAKE_PREFIX_PATH=${CMAKE_PREFIX_PATH}:/opt/ros/humble /usr/bin/cmake --install /home/akash/dung_cleaner_robot/ROS/robot_base/build/robot_base
[19.184s] Level 1:colcon.colcon_core.environment:create_environment_scripts_only(robot_base)
[19.185s] DEBUG:colcon.colcon_core.event_handler.log_command:Invoked command in '/home/akash/dung_cleaner_robot/ROS/robot_base/build/robot_base' returned '0': CMAKE_PREFIX_PATH=${CMAKE_PREFIX_PATH}:/opt/ros/humble /usr/bin/cmake --install /home/akash/dung_cleaner_robot/ROS/robot_base/build/robot_base
[19.272s] Level 1:colcon.colcon_core.environment:checking '/home/akash/dung_cleaner_robot/ROS/robot_base/install/robot_base' for CMake module files
[19.273s] Level 1:colcon.colcon_core.environment:checking '/home/akash/dung_cleaner_robot/ROS/robot_base/install/robot_base' for CMake config files
[19.273s] Level 1:colcon.colcon_core.shell:create_environment_hook('robot_base', 'cmake_prefix_path')
[19.273s] INFO:colcon.colcon_core.shell:Creating environment hook '/home/akash/dung_cleaner_robot/ROS/robot_base/install/robot_base/share/robot_base/hook/cmake_prefix_path.ps1'
[19.274s] INFO:colcon.colcon_core.shell:Creating environment descriptor '/home/akash/dung_cleaner_robot/ROS/robot_base/install/robot_base/share/robot_base/hook/cmake_prefix_path.dsv'
[19.274s] INFO:colcon.colcon_core.shell:Creating environment hook '/home/akash/dung_cleaner_robot/ROS/robot_base/install/robot_base/share/robot_base/hook/cmake_prefix_path.sh'
[19.275s] Level 1:colcon.colcon_core.environment:checking '/home/akash/dung_cleaner_robot/ROS/robot_base/install/robot_base/lib'
[19.275s] Level 1:colcon.colcon_core.environment:checking '/home/akash/dung_cleaner_robot/ROS/robot_base/install/robot_base/bin'
[19.275s] Level 1:colcon.colcon_core.environment:checking '/home/akash/dung_cleaner_robot/ROS/robot_base/install/robot_base/lib/pkgconfig/robot_base.pc'
[19.277s] Level 1:colcon.colcon_core.environment:checking '/home/akash/dung_cleaner_robot/ROS/robot_base/install/robot_base/lib/python3.10/site-packages'
[19.278s] Level 1:colcon.colcon_core.environment:checking '/home/akash/dung_cleaner_robot/ROS/robot_base/install/robot_base/bin'
[19.278s] INFO:colcon.colcon_core.shell:Creating package script '/home/akash/dung_cleaner_robot/ROS/robot_base/install/robot_base/share/robot_base/package.ps1'
[19.278s] INFO:colcon.colcon_core.shell:Creating package descriptor '/home/akash/dung_cleaner_robot/ROS/robot_base/install/robot_base/share/robot_base/package.dsv'
[19.279s] INFO:colcon.colcon_core.shell:Creating package script '/home/akash/dung_cleaner_robot/ROS/robot_base/install/robot_base/share/robot_base/package.sh'
[19.279s] INFO:colcon.colcon_core.shell:Creating package script '/home/akash/dung_cleaner_robot/ROS/robot_base/install/robot_base/share/robot_base/package.bash'
[19.280s] INFO:colcon.colcon_core.shell:Creating package script '/home/akash/dung_cleaner_robot/ROS/robot_base/install/robot_base/share/robot_base/package.zsh'
[19.287s] Level 1:colcon.colcon_core.environment:create_file_with_runtime_dependencies(/home/akash/dung_cleaner_robot/ROS/robot_base/install/robot_base/share/colcon-core/packages/robot_base)
[19.287s] Level 1:colcon.colcon_core.environment:create_environment_scripts_only(robot_base)
[19.288s] Level 1:colcon.colcon_core.environment:checking '/home/akash/dung_cleaner_robot/ROS/robot_base/install/robot_base' for CMake module files
[19.288s] Level 1:colcon.colcon_core.environment:checking '/home/akash/dung_cleaner_robot/ROS/robot_base/install/robot_base' for CMake config files
[19.288s] Level 1:colcon.colcon_core.shell:create_environment_hook('robot_base', 'cmake_prefix_path')
[19.288s] INFO:colcon.colcon_core.shell:Creating environment hook '/home/akash/dung_cleaner_robot/ROS/robot_base/install/robot_base/share/robot_base/hook/cmake_prefix_path.ps1'
[19.288s] INFO:colcon.colcon_core.shell:Creating environment descriptor '/home/akash/dung_cleaner_robot/ROS/robot_base/install/robot_base/share/robot_base/hook/cmake_prefix_path.dsv'
[19.289s] INFO:colcon.colcon_core.shell:Creating environment hook '/home/akash/dung_cleaner_robot/ROS/robot_base/install/robot_base/share/robot_base/hook/cmake_prefix_path.sh'
[19.289s] Level 1:colcon.colcon_core.environment:checking '/home/akash/dung_cleaner_robot/ROS/robot_base/install/robot_base/lib'
[19.289s] Level 1:colcon.colcon_core.environment:checking '/home/akash/dung_cleaner_robot/ROS/robot_base/install/robot_base/bin'
[19.289s] Level 1:colcon.colcon_core.environment:checking '/home/akash/dung_cleaner_robot/ROS/robot_base/install/robot_base/lib/pkgconfig/robot_base.pc'
[19.289s] Level 1:colcon.colcon_core.environment:checking '/home/akash/dung_cleaner_robot/ROS/robot_base/install/robot_base/lib/python3.10/site-packages'
[19.289s] Level 1:colcon.colcon_core.environment:checking '/home/akash/dung_cleaner_robot/ROS/robot_base/install/robot_base/bin'
[19.290s] INFO:colcon.colcon_core.shell:Creating package script '/home/akash/dung_cleaner_robot/ROS/robot_base/install/robot_base/share/robot_base/package.ps1'
[19.290s] INFO:colcon.colcon_core.shell:Creating package descriptor '/home/akash/dung_cleaner_robot/ROS/robot_base/install/robot_base/share/robot_base/package.dsv'
[19.311s] INFO:colcon.colcon_core.shell:Creating package script '/home/akash/dung_cleaner_robot/ROS/robot_base/install/robot_base/share/robot_base/package.sh'
[19.311s] INFO:colcon.colcon_core.shell:Creating package script '/home/akash/dung_cleaner_robot/ROS/robot_base/install/robot_base/share/robot_base/package.bash'
[19.312s] INFO:colcon.colcon_core.shell:Creating package script '/home/akash/dung_cleaner_robot/ROS/robot_base/install/robot_base/share/robot_base/package.zsh'
[19.312s] Level 1:colcon.colcon_core.environment:create_file_with_runtime_dependencies(/home/akash/dung_cleaner_robot/ROS/robot_base/install/robot_base/share/colcon-core/packages/robot_base)
[19.312s] DEBUG:colcon.colcon_parallel_executor.executor.parallel:closing loop
[19.313s] DEBUG:colcon.colcon_parallel_executor.executor.parallel:loop closed
[19.313s] DEBUG:colcon.colcon_parallel_executor.executor.parallel:run_until_complete finished with '0'
[19.313s] DEBUG:colcon.colcon_core.event_reactor:joining thread
[19.315s] INFO:colcon.colcon_core.plugin_system:Skipping extension 'colcon_notification.desktop_notification.notify2': 'notify2' not found
[19.346s] INFO:colcon.colcon_core.plugin_system:Skipping extension 'colcon_notification.desktop_notification.notify_send': Could not find 'notify-send'
[19.346s] INFO:colcon.colcon_core.plugin_system:Skipping extension 'colcon_notification.desktop_notification.terminal_notifier': Not used on non-Darwin systems
[19.346s] INFO:colcon.colcon_core.plugin_system:Skipping extension 'colcon_notification.desktop_notification.win32': Not used on non-Windows systems
[19.346s] DEBUG:colcon.colcon_core.event_reactor:joined thread
[19.346s] INFO:colcon.colcon_core.shell:Creating prefix script '/home/akash/dung_cleaner_robot/ROS/robot_base/install/local_setup.ps1'
[19.347s] INFO:colcon.colcon_core.shell:Creating prefix util module '/home/akash/dung_cleaner_robot/ROS/robot_base/install/_local_setup_util_ps1.py'
[19.348s] INFO:colcon.colcon_core.shell:Creating prefix chain script '/home/akash/dung_cleaner_robot/ROS/robot_base/install/setup.ps1'
[19.348s] INFO:colcon.colcon_core.shell:Creating prefix script '/home/akash/dung_cleaner_robot/ROS/robot_base/install/local_setup.sh'
[19.349s] INFO:colcon.colcon_core.shell:Creating prefix util module '/home/akash/dung_cleaner_robot/ROS/robot_base/install/_local_setup_util_sh.py'
[19.349s] INFO:colcon.colcon_core.shell:Creating prefix chain script '/home/akash/dung_cleaner_robot/ROS/robot_base/install/setup.sh'
[19.350s] INFO:colcon.colcon_core.shell:Creating prefix script '/home/akash/dung_cleaner_robot/ROS/robot_base/install/local_setup.bash'
[19.350s] INFO:colcon.colcon_core.shell:Creating prefix chain script '/home/akash/dung_cleaner_robot/ROS/robot_base/install/setup.bash'
[19.350s] INFO:colcon.colcon_core.shell:Creating prefix script '/home/akash/dung_cleaner_robot/ROS/robot_base/install/local_setup.zsh'
[19.351s] INFO:colcon.colcon_core.shell:Creating prefix chain script '/home/akash/dung_cleaner_robot/ROS/robot_base/install/setup.zsh'
