[0.012s] Invoking command in '/home/akash/dung_cleaner_robot/ROS/robot_base/build/robot_base': CMAKE_PREFIX_PATH=/opt/ros/humble /usr/bin/cmake /home/akash/dung_cleaner_robot/ROS/robot_base -DCMAKE_INSTALL_PREFIX=/home/akash/dung_cleaner_robot/ROS/robot_base/install/robot_base
[0.018s] -- Found ament_cmake: 1.3.10 (/opt/ros/humble/share/ament_cmake/cmake)
[0.106s] -- Found rclcpp: 16.0.10 (/opt/ros/humble/share/rclcpp/cmake)
[0.185s] -- Found rosidl_generator_c: 3.1.5 (/opt/ros/humble/share/rosidl_generator_c/cmake)
[0.187s] -- Found rosidl_adapter: 3.1.5 (/opt/ros/humble/share/rosidl_adapter/cmake)
[0.191s] -- Found rosidl_generator_cpp: 3.1.5 (/opt/ros/humble/share/rosidl_generator_cpp/cmake)
[0.198s] -- Using all available rosidl_typesupport_c: rosidl_typesupport_fastrtps_c;rosidl_typesupport_introspection_c
[0.206s] -- Using all available rosidl_typesupport_cpp: rosidl_typesupport_fastrtps_cpp;rosidl_typesupport_introspection_cpp
[0.228s] -- Found rmw_implementation_cmake: 6.1.2 (/opt/ros/humble/share/rmw_implementation_cmake/cmake)
[0.229s] -- Found rmw_fastrtps_cpp: 6.2.7 (/opt/ros/humble/share/rmw_fastrtps_cpp/cmake)
[3.254s] -- Using RMW implementation 'rmw_fastrtps_cpp' as default
[3.289s] -- Found nav_msgs: 4.2.4 (/opt/ros/humble/share/nav_msgs/cmake)
[3.308s] -- Found sensor_msgs: 4.2.4 (/opt/ros/humble/share/sensor_msgs/cmake)
[3.319s] -- Found tf2: 0.25.8 (/opt/ros/humble/share/tf2/cmake)
[3.324s] -- Found ament_lint_auto: 0.12.11 (/opt/ros/humble/share/ament_lint_auto/cmake)
[3.389s] -- Added test 'copyright' to check source files copyright and LICENSE
[3.392s] -- Added test 'cppcheck' to perform static code analysis on C / C++ code
[3.393s] -- Configured cppcheck include dirs: $<BUILD_INTERFACE:/home/akash/dung_cleaner_robot/ROS/robot_base/include>
[3.393s] -- Configured cppcheck exclude dirs and/or files: 
[3.396s] -- Added test 'cpplint' to check C / C++ code against the Google style
[3.396s] -- Configured cpplint exclude dirs and/or files: 
[3.396s] -- Added test 'flake8' to check Python code syntax and style conventions
[3.397s] -- Added test 'lint_cmake' to check CMake code style
[3.398s] -- Added test 'pep257' to check Python code against some of the docstring style conventions in PEP 257
[3.401s] -- Added test 'uncrustify' to check C / C++ code style
[3.401s] -- Configured uncrustify additional arguments: 
[3.401s] -- Added test 'xmllint' to check XML markup files
[3.402s] -- Configuring done
[3.404s] [31mCMake Error at CMakeLists.txt:34 (add_executable):
[3.405s]   Cannot find source file:
[3.405s] 
[3.405s]     src/app.cpp
[3.405s] 
[3.405s]   Tried extensions .c .C .c++ .cc .cpp .cxx .cu .mpp .m .M .mm .ixx .cppm .h
[3.405s]   .hh .h++ .hm .hpp .hxx .in .txx .f .F .for .f77 .f90 .f95 .f03 .hip .ispc
[3.405s] 
[3.405s] [0m
[3.405s] [31mCMake Error at CMakeLists.txt:34 (add_executable):
[3.405s]   No SOURCES given to target: app
[3.405s] 
[3.405s] [0m
[3.405s] [0mCMake Generate step failed.  Build files cannot be regenerated correctly.[0m
[3.411s] Invoked command in '/home/akash/dung_cleaner_robot/ROS/robot_base/build/robot_base' returned '1': CMAKE_PREFIX_PATH=/opt/ros/humble /usr/bin/cmake /home/akash/dung_cleaner_robot/ROS/robot_base -DCMAKE_INSTALL_PREFIX=/home/akash/dung_cleaner_robot/ROS/robot_base/install/robot_base
