[0.148s] DEBUG:colcon:Command line arguments: ['/home/akash/.espressif/python_env/idf5.2_py3.10_env/bin/colcon', 'build']
[0.148s] DEBUG:colcon:Parsed command line arguments: Namespace(log_base=None, log_level=None, verb_name='build', build_base='build', install_base='install', merge_install=False, symlink_install=False, test_result_base=None, continue_on_error=False, executor='parallel', parallel_workers=4, event_handlers=None, ignore_user_meta=False, metas=['./colcon.meta'], base_paths=['.'], packages_ignore=None, packages_ignore_regex=None, paths=None, packages_up_to=None, packages_up_to_regex=None, packages_above=None, packages_above_and_dependencies=None, packages_above_depth=None, packages_select_by_dep=None, packages_skip_by_dep=None, packages_skip_up_to=None, packages_select_build_failed=False, packages_skip_build_finished=False, packages_select_test_failures=False, packages_skip_test_passed=False, packages_select=None, packages_skip=None, packages_select_regex=None, packages_skip_regex=None, packages_start=None, packages_end=None, cmake_args=None, cmake_target=None, cmake_target_skip_unavailable=False, cmake_clean_cache=False, cmake_clean_first=False, cmake_force_configure=False, ament_cmake_args=None, catkin_cmake_args=None, catkin_skip_building_tests=False, verb_parser=<colcon_defaults.argument_parser.defaults.DefaultArgumentsDecorator object at 0x7f17d17bd150>, verb_extension=<colcon_core.verb.build.BuildVerb object at 0x7f17d17bcc40>, main=<bound method BuildVerb.main of <colcon_core.verb.build.BuildVerb object at 0x7f17d17bcc40>>)
[0.182s] Level 1:colcon.colcon_core.package_discovery:discover_packages(colcon_meta) check parameters
[0.182s] Level 1:colcon.colcon_core.package_discovery:discover_packages(recursive) check parameters
[0.182s] Level 1:colcon.colcon_core.package_discovery:discover_packages(ignore) check parameters
[0.182s] Level 1:colcon.colcon_core.package_discovery:discover_packages(path) check parameters
[0.182s] Level 1:colcon.colcon_core.package_discovery:discover_packages(colcon_meta) discover
[0.182s] Level 1:colcon.colcon_core.package_discovery:discover_packages(recursive) discover
[0.182s] INFO:colcon.colcon_core.package_discovery:Crawling recursively for packages in '/home/akash/dung_cleaner_robot/ROS/robot_base'
[0.182s] Level 1:colcon.colcon_core.package_identification:_identify(.) by extensions ['ignore', 'ignore_ament_install']
[0.182s] Level 1:colcon.colcon_core.package_identification:_identify(.) by extension 'ignore'
[0.182s] Level 1:colcon.colcon_core.package_identification:_identify(.) by extension 'ignore_ament_install'
[0.182s] Level 1:colcon.colcon_core.package_identification:_identify(.) by extensions ['colcon_pkg']
[0.182s] Level 1:colcon.colcon_core.package_identification:_identify(.) by extension 'colcon_pkg'
[0.183s] Level 1:colcon.colcon_core.package_identification:_identify(.) by extensions ['colcon_meta']
[0.183s] Level 1:colcon.colcon_core.package_identification:_identify(.) by extension 'colcon_meta'
[0.183s] Level 1:colcon.colcon_core.package_identification:_identify(.) by extensions ['ros']
[0.183s] Level 1:colcon.colcon_core.package_identification:_identify(.) by extension 'ros'
[0.203s] DEBUG:colcon.colcon_core.package_identification:Package '.' with type 'ros.ament_cmake' and name 'robot_base'
[0.203s] Level 1:colcon.colcon_core.package_discovery:discover_packages(recursive) using defaults
[0.203s] Level 1:colcon.colcon_core.package_discovery:discover_packages(ignore) discover
[0.203s] Level 1:colcon.colcon_core.package_discovery:discover_packages(ignore) using defaults
[0.203s] Level 1:colcon.colcon_core.package_discovery:discover_packages(path) discover
[0.203s] Level 1:colcon.colcon_core.package_discovery:discover_packages(path) using defaults
[0.217s] Level 5:colcon.colcon_core.verb:set package 'robot_base' build argument 'cmake_args' from command line to 'None'
[0.217s] Level 5:colcon.colcon_core.verb:set package 'robot_base' build argument 'cmake_target' from command line to 'None'
[0.217s] Level 5:colcon.colcon_core.verb:set package 'robot_base' build argument 'cmake_target_skip_unavailable' from command line to 'False'
[0.217s] Level 5:colcon.colcon_core.verb:set package 'robot_base' build argument 'cmake_clean_cache' from command line to 'False'
[0.217s] Level 5:colcon.colcon_core.verb:set package 'robot_base' build argument 'cmake_clean_first' from command line to 'False'
[0.217s] Level 5:colcon.colcon_core.verb:set package 'robot_base' build argument 'cmake_force_configure' from command line to 'False'
[0.217s] Level 5:colcon.colcon_core.verb:set package 'robot_base' build argument 'ament_cmake_args' from command line to 'None'
[0.217s] Level 5:colcon.colcon_core.verb:set package 'robot_base' build argument 'catkin_cmake_args' from command line to 'None'
[0.217s] Level 5:colcon.colcon_core.verb:set package 'robot_base' build argument 'catkin_skip_building_tests' from command line to 'False'
[0.217s] DEBUG:colcon.colcon_core.verb:Building package 'robot_base' with the following arguments: {'ament_cmake_args': None, 'build_base': '/home/akash/dung_cleaner_robot/ROS/robot_base/build/robot_base', 'catkin_cmake_args': None, 'catkin_skip_building_tests': False, 'cmake_args': None, 'cmake_clean_cache': False, 'cmake_clean_first': False, 'cmake_force_configure': False, 'cmake_target': None, 'cmake_target_skip_unavailable': False, 'install_base': '/home/akash/dung_cleaner_robot/ROS/robot_base/install/robot_base', 'merge_install': False, 'path': '/home/akash/dung_cleaner_robot/ROS/robot_base', 'symlink_install': False, 'test_result_base': None}
[0.217s] INFO:colcon.colcon_core.executor:Executing jobs using 'parallel' executor
[0.218s] DEBUG:colcon.colcon_parallel_executor.executor.parallel:run_until_complete
[0.219s] INFO:colcon.colcon_ros.task.ament_cmake.build:Building ROS package in '/home/akash/dung_cleaner_robot/ROS/robot_base' with build type 'ament_cmake'
[0.219s] INFO:colcon.colcon_cmake.task.cmake.build:Building CMake package in '/home/akash/dung_cleaner_robot/ROS/robot_base'
[0.220s] INFO:colcon.colcon_core.plugin_system:Skipping extension 'colcon_core.shell.bat': Not used on non-Windows systems
[0.221s] INFO:colcon.colcon_core.shell:Skip shell extension 'powershell' for command environment: Not usable outside of PowerShell
[0.221s] DEBUG:colcon.colcon_core.shell:Skip shell extension 'dsv' for command environment
[0.231s] DEBUG:colcon.colcon_core.event_handler.log_command:Invoking command in '/home/akash/dung_cleaner_robot/ROS/robot_base/build/robot_base': CMAKE_PREFIX_PATH=/opt/ros/humble /usr/bin/cmake /home/akash/dung_cleaner_robot/ROS/robot_base -DCMAKE_INSTALL_PREFIX=/home/akash/dung_cleaner_robot/ROS/robot_base/install/robot_base
[3.129s] DEBUG:colcon.colcon_core.event_handler.log_command:Invoked command in '/home/akash/dung_cleaner_robot/ROS/robot_base/build/robot_base' returned '1': CMAKE_PREFIX_PATH=/opt/ros/humble /usr/bin/cmake /home/akash/dung_cleaner_robot/ROS/robot_base -DCMAKE_INSTALL_PREFIX=/home/akash/dung_cleaner_robot/ROS/robot_base/install/robot_base
[3.137s] Level 1:colcon.colcon_core.environment:create_environment_scripts_only(robot_base)
[3.140s] Level 1:colcon.colcon_core.environment:checking '/home/akash/dung_cleaner_robot/ROS/robot_base/install/robot_base' for CMake module files
[3.140s] Level 1:colcon.colcon_core.environment:checking '/home/akash/dung_cleaner_robot/ROS/robot_base/install/robot_base' for CMake config files
[3.141s] Level 1:colcon.colcon_core.environment:checking '/home/akash/dung_cleaner_robot/ROS/robot_base/install/robot_base/bin'
[3.141s] Level 1:colcon.colcon_core.environment:checking '/home/akash/dung_cleaner_robot/ROS/robot_base/install/robot_base/lib/pkgconfig/robot_base.pc'
[3.142s] Level 1:colcon.colcon_core.environment:checking '/home/akash/dung_cleaner_robot/ROS/robot_base/install/robot_base/lib/python3.10/site-packages'
[3.142s] Level 1:colcon.colcon_core.environment:checking '/home/akash/dung_cleaner_robot/ROS/robot_base/install/robot_base/bin'
[3.142s] INFO:colcon.colcon_core.shell:Creating package script '/home/akash/dung_cleaner_robot/ROS/robot_base/install/robot_base/share/robot_base/package.ps1'
[3.143s] INFO:colcon.colcon_core.shell:Creating package descriptor '/home/akash/dung_cleaner_robot/ROS/robot_base/install/robot_base/share/robot_base/package.dsv'
[3.143s] INFO:colcon.colcon_core.shell:Creating package script '/home/akash/dung_cleaner_robot/ROS/robot_base/install/robot_base/share/robot_base/package.sh'
[3.143s] INFO:colcon.colcon_core.shell:Creating package script '/home/akash/dung_cleaner_robot/ROS/robot_base/install/robot_base/share/robot_base/package.bash'
[3.144s] INFO:colcon.colcon_core.shell:Creating package script '/home/akash/dung_cleaner_robot/ROS/robot_base/install/robot_base/share/robot_base/package.zsh'
[3.144s] Level 1:colcon.colcon_core.environment:create_file_with_runtime_dependencies(/home/akash/dung_cleaner_robot/ROS/robot_base/install/robot_base/share/colcon-core/packages/robot_base)
[3.155s] DEBUG:colcon.colcon_parallel_executor.executor.parallel:closing loop
[3.155s] DEBUG:colcon.colcon_parallel_executor.executor.parallel:loop closed
[3.156s] DEBUG:colcon.colcon_parallel_executor.executor.parallel:run_until_complete finished with '1'
[3.156s] DEBUG:colcon.colcon_core.event_reactor:joining thread
[3.158s] INFO:colcon.colcon_core.plugin_system:Skipping extension 'colcon_notification.desktop_notification.notify2': 'notify2' not found
[3.180s] INFO:colcon.colcon_core.plugin_system:Skipping extension 'colcon_notification.desktop_notification.notify_send': Could not find 'notify-send'
[3.181s] INFO:colcon.colcon_core.plugin_system:Skipping extension 'colcon_notification.desktop_notification.terminal_notifier': Not used on non-Darwin systems
[3.181s] INFO:colcon.colcon_core.plugin_system:Skipping extension 'colcon_notification.desktop_notification.win32': Not used on non-Windows systems
[3.181s] DEBUG:colcon.colcon_core.event_reactor:joined thread
[3.181s] INFO:colcon.colcon_core.shell:Creating prefix script '/home/akash/dung_cleaner_robot/ROS/robot_base/install/local_setup.ps1'
[3.182s] INFO:colcon.colcon_core.shell:Creating prefix util module '/home/akash/dung_cleaner_robot/ROS/robot_base/install/_local_setup_util_ps1.py'
[3.183s] INFO:colcon.colcon_core.shell:Creating prefix chain script '/home/akash/dung_cleaner_robot/ROS/robot_base/install/setup.ps1'
[3.184s] INFO:colcon.colcon_core.shell:Creating prefix script '/home/akash/dung_cleaner_robot/ROS/robot_base/install/local_setup.sh'
[3.184s] INFO:colcon.colcon_core.shell:Creating prefix util module '/home/akash/dung_cleaner_robot/ROS/robot_base/install/_local_setup_util_sh.py'
[3.184s] INFO:colcon.colcon_core.shell:Creating prefix chain script '/home/akash/dung_cleaner_robot/ROS/robot_base/install/setup.sh'
[3.185s] INFO:colcon.colcon_core.shell:Creating prefix script '/home/akash/dung_cleaner_robot/ROS/robot_base/install/local_setup.bash'
[3.186s] INFO:colcon.colcon_core.shell:Creating prefix chain script '/home/akash/dung_cleaner_robot/ROS/robot_base/install/setup.bash'
[3.186s] INFO:colcon.colcon_core.shell:Creating prefix script '/home/akash/dung_cleaner_robot/ROS/robot_base/install/local_setup.zsh'
[3.187s] INFO:colcon.colcon_core.shell:Creating prefix chain script '/home/akash/dung_cleaner_robot/ROS/robot_base/install/setup.zsh'
