-- Found ament_cmake: 1.3.10 (/opt/ros/humble/share/ament_cmake/cmake)
-- Found rclcpp: 16.0.10 (/opt/ros/humble/share/rclcpp/cmake)
-- Found rosidl_generator_c: 3.1.5 (/opt/ros/humble/share/rosidl_generator_c/cmake)
-- Found rosidl_adapter: 3.1.5 (/opt/ros/humble/share/rosidl_adapter/cmake)
-- Found rosidl_generator_cpp: 3.1.5 (/opt/ros/humble/share/rosidl_generator_cpp/cmake)
-- Using all available rosidl_typesupport_c: rosidl_typesupport_fastrtps_c;rosidl_typesupport_introspection_c
-- Using all available rosidl_typesupport_cpp: rosidl_typesupport_fastrtps_cpp;rosidl_typesupport_introspection_cpp
-- Found rmw_implementation_cmake: 6.1.2 (/opt/ros/humble/share/rmw_implementation_cmake/cmake)
-- Found rmw_fastrtps_cpp: 6.2.7 (/opt/ros/humble/share/rmw_fastrtps_cpp/cmake)
-- Using RMW implementation 'rmw_fastrtps_cpp' as default
-- Found nav_msgs: 4.2.4 (/opt/ros/humble/share/nav_msgs/cmake)
-- Found sensor_msgs: 4.2.4 (/opt/ros/humble/share/sensor_msgs/cmake)
-- Found tf2: 0.25.8 (/opt/ros/humble/share/tf2/cmake)
-- Found ament_lint_auto: 0.12.11 (/opt/ros/humble/share/ament_lint_auto/cmake)
-- Added test 'copyright' to check source files copyright and LICENSE
-- Added test 'cppcheck' to perform static code analysis on C / C++ code
-- Configured cppcheck include dirs: $<BUILD_INTERFACE:/home/akash/dung_cleaner_robot/ROS/robot_base/include>
-- Configured cppcheck exclude dirs and/or files: 
-- Added test 'cpplint' to check C / C++ code against the Google style
-- Configured cpplint exclude dirs and/or files: 
-- Added test 'flake8' to check Python code syntax and style conventions
-- Added test 'lint_cmake' to check CMake code style
-- Added test 'pep257' to check Python code against some of the docstring style conventions in PEP 257
-- Added test 'uncrustify' to check C / C++ code style
-- Configured uncrustify additional arguments: 
-- Added test 'xmllint' to check XML markup files
-- Configuring done
-- Generating done
-- Build files have been written to: /home/akash/dung_cleaner_robot/ROS/robot_base/build/robot_base
[ 33%] [32mBuilding CXX object CMakeFiles/robot_base_node.dir/src/app.cpp.o[0m
[ 66%] [32mBuilding CXX object CMakeFiles/robot_base_node.dir/src/odometry.cpp.o[0m
[100%] [32m[1mLinking CXX executable robot_base_node[0m
[100%] Built target robot_base_node
-- Install configuration: ""
-- Installing: /home/akash/dung_cleaner_robot/ROS/robot_base/install/robot_base/lib/robot_base/robot_base_node
-- Set runtime path of "/home/akash/dung_cleaner_robot/ROS/robot_base/install/robot_base/lib/robot_base/robot_base_node" to ""
-- Up-to-date: /home/akash/dung_cleaner_robot/ROS/robot_base/install/robot_base/share/ament_index/resource_index/package_run_dependencies/robot_base
-- Installing: /home/akash/dung_cleaner_robot/ROS/robot_base/install/robot_base/share/ament_index/resource_index/parent_prefix_path/robot_base
-- Up-to-date: /home/akash/dung_cleaner_robot/ROS/robot_base/install/robot_base/share/robot_base/environment/ament_prefix_path.sh
-- Installing: /home/akash/dung_cleaner_robot/ROS/robot_base/install/robot_base/share/robot_base/environment/ament_prefix_path.dsv
-- Up-to-date: /home/akash/dung_cleaner_robot/ROS/robot_base/install/robot_base/share/robot_base/environment/path.sh
-- Installing: /home/akash/dung_cleaner_robot/ROS/robot_base/install/robot_base/share/robot_base/environment/path.dsv
-- Up-to-date: /home/akash/dung_cleaner_robot/ROS/robot_base/install/robot_base/share/robot_base/local_setup.bash
-- Up-to-date: /home/akash/dung_cleaner_robot/ROS/robot_base/install/robot_base/share/robot_base/local_setup.sh
-- Up-to-date: /home/akash/dung_cleaner_robot/ROS/robot_base/install/robot_base/share/robot_base/local_setup.zsh
-- Installing: /home/akash/dung_cleaner_robot/ROS/robot_base/install/robot_base/share/robot_base/local_setup.dsv
-- Installing: /home/akash/dung_cleaner_robot/ROS/robot_base/install/robot_base/share/robot_base/package.dsv
-- Up-to-date: /home/akash/dung_cleaner_robot/ROS/robot_base/install/robot_base/share/ament_index/resource_index/packages/robot_base
-- Up-to-date: /home/akash/dung_cleaner_robot/ROS/robot_base/install/robot_base/share/robot_base/cmake/robot_baseConfig.cmake
-- Up-to-date: /home/akash/dung_cleaner_robot/ROS/robot_base/install/robot_base/share/robot_base/cmake/robot_baseConfig-version.cmake
-- Up-to-date: /home/akash/dung_cleaner_robot/ROS/robot_base/install/robot_base/share/robot_base/package.xml
