[0.107s] Invoking command in '/home/akash/dung_cleaner_robot/ROS/robot_base/build/robot_base': CMAKE_PREFIX_PATH=${CMAKE_PREFIX_PATH}:/opt/ros/humble /usr/bin/cmake --build /home/akash/dung_cleaner_robot/ROS/robot_base/build/robot_base -- -j4 -l4
[1.602s] -- Found ament_cmake: 1.3.10 (/opt/ros/humble/share/ament_cmake/cmake)
[2.379s] -- Found rclcpp: 16.0.10 (/opt/ros/humble/share/rclcpp/cmake)
[3.502s] -- Found rosidl_generator_c: 3.1.5 (/opt/ros/humble/share/rosidl_generator_c/cmake)
[3.523s] -- Found rosidl_adapter: 3.1.5 (/opt/ros/humble/share/rosidl_adapter/cmake)
[3.600s] -- Found rosidl_generator_cpp: 3.1.5 (/opt/ros/humble/share/rosidl_generator_cpp/cmake)
[3.680s] -- Using all available rosidl_typesupport_c: rosidl_typesupport_fastrtps_c;rosidl_typesupport_introspection_c
[3.764s] -- Using all available rosidl_typesupport_cpp: rosidl_typesupport_fastrtps_cpp;rosidl_typesupport_introspection_cpp
[4.074s] -- Found rmw_implementation_cmake: 6.1.2 (/opt/ros/humble/share/rmw_implementation_cmake/cmake)
[4.103s] -- Found rmw_fastrtps_cpp: 6.2.7 (/opt/ros/humble/share/rmw_fastrtps_cpp/cmake)
[9.836s] -- Using RMW implementation 'rmw_fastrtps_cpp' as default
[10.232s] -- Found nav_msgs: 4.2.4 (/opt/ros/humble/share/nav_msgs/cmake)
[10.376s] -- Found sensor_msgs: 4.2.4 (/opt/ros/humble/share/sensor_msgs/cmake)
[10.447s] -- Found tf2: 0.25.8 (/opt/ros/humble/share/tf2/cmake)
[10.490s] -- Found ament_lint_auto: 0.12.11 (/opt/ros/humble/share/ament_lint_auto/cmake)
[10.836s] -- Added test 'copyright' to check source files copyright and LICENSE
[11.052s] -- Added test 'cppcheck' to perform static code analysis on C / C++ code
[11.052s] -- Configured cppcheck include dirs: $<BUILD_INTERFACE:/home/akash/dung_cleaner_robot/ROS/robot_base/include>
[11.052s] -- Configured cppcheck exclude dirs and/or files: 
[11.059s] -- Added test 'cpplint' to check C / C++ code against the Google style
[11.059s] -- Configured cpplint exclude dirs and/or files: 
[11.064s] -- Added test 'flake8' to check Python code syntax and style conventions
[11.068s] -- Added test 'lint_cmake' to check CMake code style
[11.070s] -- Added test 'pep257' to check Python code against some of the docstring style conventions in PEP 257
[11.077s] -- Added test 'uncrustify' to check C / C++ code style
[11.077s] -- Configured uncrustify additional arguments: 
[11.081s] -- Added test 'xmllint' to check XML markup files
[11.097s] -- Configuring done
[11.308s] -- Generating done
[11.353s] -- Build files have been written to: /home/akash/dung_cleaner_robot/ROS/robot_base/build/robot_base
[11.423s] [ 33%] [32mBuilding CXX object CMakeFiles/robot_base_node.dir/src/app.cpp.o[0m
[11.423s] [ 66%] [32mBuilding CXX object CMakeFiles/robot_base_node.dir/src/odometry.cpp.o[0m
[29.259s] [100%] [32m[1mLinking CXX executable robot_base_node[0m
[31.155s] [100%] Built target robot_base_node
[31.212s] Invoked command in '/home/akash/dung_cleaner_robot/ROS/robot_base/build/robot_base' returned '0': CMAKE_PREFIX_PATH=${CMAKE_PREFIX_PATH}:/opt/ros/humble /usr/bin/cmake --build /home/akash/dung_cleaner_robot/ROS/robot_base/build/robot_base -- -j4 -l4
[31.232s] Invoking command in '/home/akash/dung_cleaner_robot/ROS/robot_base/build/robot_base': CMAKE_PREFIX_PATH=${CMAKE_PREFIX_PATH}:/opt/ros/humble /usr/bin/cmake --install /home/akash/dung_cleaner_robot/ROS/robot_base/build/robot_base
[31.244s] -- Install configuration: ""
[31.245s] -- Installing: /home/akash/dung_cleaner_robot/ROS/robot_base/install/robot_base/lib/robot_base/robot_base_node
[31.319s] -- Set runtime path of "/home/akash/dung_cleaner_robot/ROS/robot_base/install/robot_base/lib/robot_base/robot_base_node" to ""
[31.319s] -- Up-to-date: /home/akash/dung_cleaner_robot/ROS/robot_base/install/robot_base/share/ament_index/resource_index/package_run_dependencies/robot_base
[31.319s] -- Installing: /home/akash/dung_cleaner_robot/ROS/robot_base/install/robot_base/share/ament_index/resource_index/parent_prefix_path/robot_base
[31.332s] -- Up-to-date: /home/akash/dung_cleaner_robot/ROS/robot_base/install/robot_base/share/robot_base/environment/ament_prefix_path.sh
[31.332s] -- Installing: /home/akash/dung_cleaner_robot/ROS/robot_base/install/robot_base/share/robot_base/environment/ament_prefix_path.dsv
[31.340s] -- Up-to-date: /home/akash/dung_cleaner_robot/ROS/robot_base/install/robot_base/share/robot_base/environment/path.sh
[31.340s] -- Installing: /home/akash/dung_cleaner_robot/ROS/robot_base/install/robot_base/share/robot_base/environment/path.dsv
[31.340s] -- Up-to-date: /home/akash/dung_cleaner_robot/ROS/robot_base/install/robot_base/share/robot_base/local_setup.bash
[31.340s] -- Up-to-date: /home/akash/dung_cleaner_robot/ROS/robot_base/install/robot_base/share/robot_base/local_setup.sh
[31.340s] -- Up-to-date: /home/akash/dung_cleaner_robot/ROS/robot_base/install/robot_base/share/robot_base/local_setup.zsh
[31.341s] -- Installing: /home/akash/dung_cleaner_robot/ROS/robot_base/install/robot_base/share/robot_base/local_setup.dsv
[31.341s] -- Installing: /home/akash/dung_cleaner_robot/ROS/robot_base/install/robot_base/share/robot_base/package.dsv
[31.341s] -- Up-to-date: /home/akash/dung_cleaner_robot/ROS/robot_base/install/robot_base/share/ament_index/resource_index/packages/robot_base
[31.342s] -- Up-to-date: /home/akash/dung_cleaner_robot/ROS/robot_base/install/robot_base/share/robot_base/cmake/robot_baseConfig.cmake
[31.342s] -- Up-to-date: /home/akash/dung_cleaner_robot/ROS/robot_base/install/robot_base/share/robot_base/cmake/robot_baseConfig-version.cmake
[31.342s] -- Up-to-date: /home/akash/dung_cleaner_robot/ROS/robot_base/install/robot_base/share/robot_base/package.xml
[31.345s] Invoked command in '/home/akash/dung_cleaner_robot/ROS/robot_base/build/robot_base' returned '0': CMAKE_PREFIX_PATH=${CMAKE_PREFIX_PATH}:/opt/ros/humble /usr/bin/cmake --install /home/akash/dung_cleaner_robot/ROS/robot_base/build/robot_base
