[1.396s] DEBUG:colcon:Command line arguments: ['/home/akash/.espressif/python_env/idf5.2_py3.10_env/bin/colcon', 'build']
[1.396s] DEBUG:colcon:Parsed command line arguments: Namespace(log_base=None, log_level=None, verb_name='build', build_base='build', install_base='install', merge_install=False, symlink_install=False, test_result_base=None, continue_on_error=False, executor='parallel', parallel_workers=4, event_handlers=None, ignore_user_meta=False, metas=['./colcon.meta'], base_paths=['.'], packages_ignore=None, packages_ignore_regex=None, paths=None, packages_up_to=None, packages_up_to_regex=None, packages_above=None, packages_above_and_dependencies=None, packages_above_depth=None, packages_select_by_dep=None, packages_skip_by_dep=None, packages_skip_up_to=None, packages_select_build_failed=False, packages_skip_build_finished=False, packages_select_test_failures=False, packages_skip_test_passed=False, packages_select=None, packages_skip=None, packages_select_regex=None, packages_skip_regex=None, packages_start=None, packages_end=None, cmake_args=None, cmake_target=None, cmake_target_skip_unavailable=False, cmake_clean_cache=False, cmake_clean_first=False, cmake_force_configure=False, ament_cmake_args=None, catkin_cmake_args=None, catkin_skip_building_tests=False, verb_parser=<colcon_defaults.argument_parser.defaults.DefaultArgumentsDecorator object at 0x7f7ebbb5d120>, verb_extension=<colcon_core.verb.build.BuildVerb object at 0x7f7ebbb5cc10>, main=<bound method BuildVerb.main of <colcon_core.verb.build.BuildVerb object at 0x7f7ebbb5cc10>>)
[1.619s] Level 1:colcon.colcon_core.package_discovery:discover_packages(colcon_meta) check parameters
[1.619s] Level 1:colcon.colcon_core.package_discovery:discover_packages(recursive) check parameters
[1.619s] Level 1:colcon.colcon_core.package_discovery:discover_packages(ignore) check parameters
[1.619s] Level 1:colcon.colcon_core.package_discovery:discover_packages(path) check parameters
[1.619s] Level 1:colcon.colcon_core.package_discovery:discover_packages(colcon_meta) discover
[1.619s] Level 1:colcon.colcon_core.package_discovery:discover_packages(recursive) discover
[1.619s] INFO:colcon.colcon_core.package_discovery:Crawling recursively for packages in '/home/akash/dung_cleaner_robot/ROS/robot_base'
[1.619s] Level 1:colcon.colcon_core.package_identification:_identify(.) by extensions ['ignore', 'ignore_ament_install']
[1.619s] Level 1:colcon.colcon_core.package_identification:_identify(.) by extension 'ignore'
[1.620s] Level 1:colcon.colcon_core.package_identification:_identify(.) by extension 'ignore_ament_install'
[1.620s] Level 1:colcon.colcon_core.package_identification:_identify(.) by extensions ['colcon_pkg']
[1.620s] Level 1:colcon.colcon_core.package_identification:_identify(.) by extension 'colcon_pkg'
[1.620s] Level 1:colcon.colcon_core.package_identification:_identify(.) by extensions ['colcon_meta']
[1.620s] Level 1:colcon.colcon_core.package_identification:_identify(.) by extension 'colcon_meta'
[1.620s] Level 1:colcon.colcon_core.package_identification:_identify(.) by extensions ['ros']
[1.620s] Level 1:colcon.colcon_core.package_identification:_identify(.) by extension 'ros'
[1.764s] DEBUG:colcon.colcon_core.package_identification:Package '.' with type 'ros.ament_cmake' and name 'robot_base'
[1.764s] Level 1:colcon.colcon_core.package_discovery:discover_packages(recursive) using defaults
[1.764s] Level 1:colcon.colcon_core.package_discovery:discover_packages(ignore) discover
[1.764s] Level 1:colcon.colcon_core.package_discovery:discover_packages(ignore) using defaults
[1.764s] Level 1:colcon.colcon_core.package_discovery:discover_packages(path) discover
[1.764s] Level 1:colcon.colcon_core.package_discovery:discover_packages(path) using defaults
[1.831s] Level 5:colcon.colcon_core.verb:set package 'robot_base' build argument 'cmake_args' from command line to 'None'
[1.831s] Level 5:colcon.colcon_core.verb:set package 'robot_base' build argument 'cmake_target' from command line to 'None'
[1.831s] Level 5:colcon.colcon_core.verb:set package 'robot_base' build argument 'cmake_target_skip_unavailable' from command line to 'False'
[1.831s] Level 5:colcon.colcon_core.verb:set package 'robot_base' build argument 'cmake_clean_cache' from command line to 'False'
[1.831s] Level 5:colcon.colcon_core.verb:set package 'robot_base' build argument 'cmake_clean_first' from command line to 'False'
[1.831s] Level 5:colcon.colcon_core.verb:set package 'robot_base' build argument 'cmake_force_configure' from command line to 'False'
[1.831s] Level 5:colcon.colcon_core.verb:set package 'robot_base' build argument 'ament_cmake_args' from command line to 'None'
[1.831s] Level 5:colcon.colcon_core.verb:set package 'robot_base' build argument 'catkin_cmake_args' from command line to 'None'
[1.831s] Level 5:colcon.colcon_core.verb:set package 'robot_base' build argument 'catkin_skip_building_tests' from command line to 'False'
[1.831s] DEBUG:colcon.colcon_core.verb:Building package 'robot_base' with the following arguments: {'ament_cmake_args': None, 'build_base': '/home/akash/dung_cleaner_robot/ROS/robot_base/build/robot_base', 'catkin_cmake_args': None, 'catkin_skip_building_tests': False, 'cmake_args': None, 'cmake_clean_cache': False, 'cmake_clean_first': False, 'cmake_force_configure': False, 'cmake_target': None, 'cmake_target_skip_unavailable': False, 'install_base': '/home/akash/dung_cleaner_robot/ROS/robot_base/install/robot_base', 'merge_install': False, 'path': '/home/akash/dung_cleaner_robot/ROS/robot_base', 'symlink_install': False, 'test_result_base': None}
[1.831s] INFO:colcon.colcon_core.executor:Executing jobs using 'parallel' executor
[1.833s] DEBUG:colcon.colcon_parallel_executor.executor.parallel:run_until_complete
[1.833s] INFO:colcon.colcon_ros.task.ament_cmake.build:Building ROS package in '/home/akash/dung_cleaner_robot/ROS/robot_base' with build type 'ament_cmake'
[1.833s] INFO:colcon.colcon_cmake.task.cmake.build:Building CMake package in '/home/akash/dung_cleaner_robot/ROS/robot_base'
[1.842s] INFO:colcon.colcon_core.plugin_system:Skipping extension 'colcon_core.shell.bat': Not used on non-Windows systems
[1.842s] INFO:colcon.colcon_core.shell:Skip shell extension 'powershell' for command environment: Not usable outside of PowerShell
[1.842s] DEBUG:colcon.colcon_core.shell:Skip shell extension 'dsv' for command environment
[1.947s] DEBUG:colcon.colcon_core.event_handler.log_command:Invoking command in '/home/akash/dung_cleaner_robot/ROS/robot_base/build/robot_base': CMAKE_PREFIX_PATH=${CMAKE_PREFIX_PATH}:/opt/ros/humble /usr/bin/cmake --build /home/akash/dung_cleaner_robot/ROS/robot_base/build/robot_base -- -j4 -l4
[30.054s] DEBUG:colcon.colcon_core.event_handler.log_command:Invoked command in '/home/akash/dung_cleaner_robot/ROS/robot_base/build/robot_base' returned '0': CMAKE_PREFIX_PATH=${CMAKE_PREFIX_PATH}:/opt/ros/humble /usr/bin/cmake --build /home/akash/dung_cleaner_robot/ROS/robot_base/build/robot_base -- -j4 -l4
[30.073s] DEBUG:colcon.colcon_core.event_handler.log_command:Invoking command in '/home/akash/dung_cleaner_robot/ROS/robot_base/build/robot_base': CMAKE_PREFIX_PATH=${CMAKE_PREFIX_PATH}:/opt/ros/humble /usr/bin/cmake --install /home/akash/dung_cleaner_robot/ROS/robot_base/build/robot_base
[30.184s] Level 1:colcon.colcon_core.environment:create_environment_scripts_only(robot_base)
[30.186s] DEBUG:colcon.colcon_core.event_handler.log_command:Invoked command in '/home/akash/dung_cleaner_robot/ROS/robot_base/build/robot_base' returned '0': CMAKE_PREFIX_PATH=${CMAKE_PREFIX_PATH}:/opt/ros/humble /usr/bin/cmake --install /home/akash/dung_cleaner_robot/ROS/robot_base/build/robot_base
[30.195s] Level 1:colcon.colcon_core.environment:checking '/home/akash/dung_cleaner_robot/ROS/robot_base/install/robot_base' for CMake module files
[30.196s] Level 1:colcon.colcon_core.environment:checking '/home/akash/dung_cleaner_robot/ROS/robot_base/install/robot_base' for CMake config files
[30.196s] Level 1:colcon.colcon_core.shell:create_environment_hook('robot_base', 'cmake_prefix_path')
[30.196s] INFO:colcon.colcon_core.shell:Creating environment hook '/home/akash/dung_cleaner_robot/ROS/robot_base/install/robot_base/share/robot_base/hook/cmake_prefix_path.ps1'
[30.197s] INFO:colcon.colcon_core.shell:Creating environment descriptor '/home/akash/dung_cleaner_robot/ROS/robot_base/install/robot_base/share/robot_base/hook/cmake_prefix_path.dsv'
[30.198s] INFO:colcon.colcon_core.shell:Creating environment hook '/home/akash/dung_cleaner_robot/ROS/robot_base/install/robot_base/share/robot_base/hook/cmake_prefix_path.sh'
[30.205s] Level 1:colcon.colcon_core.environment:checking '/home/akash/dung_cleaner_robot/ROS/robot_base/install/robot_base/lib'
[30.206s] Level 1:colcon.colcon_core.environment:checking '/home/akash/dung_cleaner_robot/ROS/robot_base/install/robot_base/bin'
[30.206s] Level 1:colcon.colcon_core.environment:checking '/home/akash/dung_cleaner_robot/ROS/robot_base/install/robot_base/lib/pkgconfig/robot_base.pc'
[30.207s] Level 1:colcon.colcon_core.environment:checking '/home/akash/dung_cleaner_robot/ROS/robot_base/install/robot_base/lib/python3.10/site-packages'
[30.207s] Level 1:colcon.colcon_core.environment:checking '/home/akash/dung_cleaner_robot/ROS/robot_base/install/robot_base/bin'
[30.207s] INFO:colcon.colcon_core.shell:Creating package script '/home/akash/dung_cleaner_robot/ROS/robot_base/install/robot_base/share/robot_base/package.ps1'
[30.208s] INFO:colcon.colcon_core.shell:Creating package descriptor '/home/akash/dung_cleaner_robot/ROS/robot_base/install/robot_base/share/robot_base/package.dsv'
[30.209s] INFO:colcon.colcon_core.shell:Creating package script '/home/akash/dung_cleaner_robot/ROS/robot_base/install/robot_base/share/robot_base/package.sh'
[30.209s] INFO:colcon.colcon_core.shell:Creating package script '/home/akash/dung_cleaner_robot/ROS/robot_base/install/robot_base/share/robot_base/package.bash'
[30.210s] INFO:colcon.colcon_core.shell:Creating package script '/home/akash/dung_cleaner_robot/ROS/robot_base/install/robot_base/share/robot_base/package.zsh'
[30.211s] Level 1:colcon.colcon_core.environment:create_file_with_runtime_dependencies(/home/akash/dung_cleaner_robot/ROS/robot_base/install/robot_base/share/colcon-core/packages/robot_base)
[30.211s] Level 1:colcon.colcon_core.environment:create_environment_scripts_only(robot_base)
[30.212s] Level 1:colcon.colcon_core.environment:checking '/home/akash/dung_cleaner_robot/ROS/robot_base/install/robot_base' for CMake module files
[30.212s] Level 1:colcon.colcon_core.environment:checking '/home/akash/dung_cleaner_robot/ROS/robot_base/install/robot_base' for CMake config files
[30.212s] Level 1:colcon.colcon_core.shell:create_environment_hook('robot_base', 'cmake_prefix_path')
[30.212s] INFO:colcon.colcon_core.shell:Creating environment hook '/home/akash/dung_cleaner_robot/ROS/robot_base/install/robot_base/share/robot_base/hook/cmake_prefix_path.ps1'
[30.238s] INFO:colcon.colcon_core.shell:Creating environment descriptor '/home/akash/dung_cleaner_robot/ROS/robot_base/install/robot_base/share/robot_base/hook/cmake_prefix_path.dsv'
[30.238s] INFO:colcon.colcon_core.shell:Creating environment hook '/home/akash/dung_cleaner_robot/ROS/robot_base/install/robot_base/share/robot_base/hook/cmake_prefix_path.sh'
[30.239s] Level 1:colcon.colcon_core.environment:checking '/home/akash/dung_cleaner_robot/ROS/robot_base/install/robot_base/lib'
[30.239s] Level 1:colcon.colcon_core.environment:checking '/home/akash/dung_cleaner_robot/ROS/robot_base/install/robot_base/bin'
[30.239s] Level 1:colcon.colcon_core.environment:checking '/home/akash/dung_cleaner_robot/ROS/robot_base/install/robot_base/lib/pkgconfig/robot_base.pc'
[30.239s] Level 1:colcon.colcon_core.environment:checking '/home/akash/dung_cleaner_robot/ROS/robot_base/install/robot_base/lib/python3.10/site-packages'
[30.239s] Level 1:colcon.colcon_core.environment:checking '/home/akash/dung_cleaner_robot/ROS/robot_base/install/robot_base/bin'
[30.239s] INFO:colcon.colcon_core.shell:Creating package script '/home/akash/dung_cleaner_robot/ROS/robot_base/install/robot_base/share/robot_base/package.ps1'
[30.256s] INFO:colcon.colcon_core.shell:Creating package descriptor '/home/akash/dung_cleaner_robot/ROS/robot_base/install/robot_base/share/robot_base/package.dsv'
[30.256s] INFO:colcon.colcon_core.shell:Creating package script '/home/akash/dung_cleaner_robot/ROS/robot_base/install/robot_base/share/robot_base/package.sh'
[30.256s] INFO:colcon.colcon_core.shell:Creating package script '/home/akash/dung_cleaner_robot/ROS/robot_base/install/robot_base/share/robot_base/package.bash'
[30.257s] INFO:colcon.colcon_core.shell:Creating package script '/home/akash/dung_cleaner_robot/ROS/robot_base/install/robot_base/share/robot_base/package.zsh'
[30.257s] Level 1:colcon.colcon_core.environment:create_file_with_runtime_dependencies(/home/akash/dung_cleaner_robot/ROS/robot_base/install/robot_base/share/colcon-core/packages/robot_base)
[30.257s] DEBUG:colcon.colcon_parallel_executor.executor.parallel:closing loop
[30.258s] DEBUG:colcon.colcon_parallel_executor.executor.parallel:loop closed
[30.258s] DEBUG:colcon.colcon_parallel_executor.executor.parallel:run_until_complete finished with '0'
[30.258s] DEBUG:colcon.colcon_core.event_reactor:joining thread
[30.314s] INFO:colcon.colcon_core.plugin_system:Skipping extension 'colcon_notification.desktop_notification.notify2': 'notify2' not found
[30.368s] INFO:colcon.colcon_core.plugin_system:Skipping extension 'colcon_notification.desktop_notification.notify_send': Could not find 'notify-send'
[30.368s] INFO:colcon.colcon_core.plugin_system:Skipping extension 'colcon_notification.desktop_notification.terminal_notifier': Not used on non-Darwin systems
[30.368s] INFO:colcon.colcon_core.plugin_system:Skipping extension 'colcon_notification.desktop_notification.win32': Not used on non-Windows systems
[30.368s] DEBUG:colcon.colcon_core.event_reactor:joined thread
[30.369s] INFO:colcon.colcon_core.shell:Creating prefix script '/home/akash/dung_cleaner_robot/ROS/robot_base/install/local_setup.ps1'
[30.369s] INFO:colcon.colcon_core.shell:Creating prefix util module '/home/akash/dung_cleaner_robot/ROS/robot_base/install/_local_setup_util_ps1.py'
[30.378s] INFO:colcon.colcon_core.shell:Creating prefix chain script '/home/akash/dung_cleaner_robot/ROS/robot_base/install/setup.ps1'
[30.379s] INFO:colcon.colcon_core.shell:Creating prefix script '/home/akash/dung_cleaner_robot/ROS/robot_base/install/local_setup.sh'
[30.383s] INFO:colcon.colcon_core.shell:Creating prefix util module '/home/akash/dung_cleaner_robot/ROS/robot_base/install/_local_setup_util_sh.py'
[30.386s] INFO:colcon.colcon_core.shell:Creating prefix chain script '/home/akash/dung_cleaner_robot/ROS/robot_base/install/setup.sh'
[30.387s] INFO:colcon.colcon_core.shell:Creating prefix script '/home/akash/dung_cleaner_robot/ROS/robot_base/install/local_setup.bash'
[30.387s] INFO:colcon.colcon_core.shell:Creating prefix chain script '/home/akash/dung_cleaner_robot/ROS/robot_base/install/setup.bash'
[30.451s] INFO:colcon.colcon_core.shell:Creating prefix script '/home/akash/dung_cleaner_robot/ROS/robot_base/install/local_setup.zsh'
[30.454s] INFO:colcon.colcon_core.shell:Creating prefix chain script '/home/akash/dung_cleaner_robot/ROS/robot_base/install/setup.zsh'
