[0.148s] Invoking command in '/home/akash/dung_cleaner_robot/ROS/robot_base/build/robot_base': CMAKE_PREFIX_PATH=${CMAKE_PREFIX_PATH}:/opt/ros/humble /usr/bin/cmake /home/akash/dung_cleaner_robot/ROS/robot_base -DCMAKE_INSTALL_PREFIX=/home/akash/dung_cleaner_robot/ROS/robot_base/install/robot_base
[1.316s] -- The C compiler identification is GNU 11.4.0
[1.991s] -- The CXX compiler identification is GNU 11.4.0
[2.252s] -- Detecting C compiler ABI info
[2.475s] -- Detecting C compiler ABI info - done
[2.480s] -- Check for working C compiler: /usr/bin/cc - skipped
[2.482s] -- Detecting C compile features
[2.483s] -- Detecting C compile features - done
[2.494s] -- Detecting CXX compiler ABI info
[2.680s] -- Detecting CXX compiler ABI info - done
[2.685s] -- Check for working CXX compiler: /usr/bin/c++ - skipped
[2.685s] -- Detecting CXX compile features
[2.685s] -- Detecting CXX compile features - done
[2.747s] -- Found ament_cmake: 1.3.10 (/opt/ros/humble/share/ament_cmake/cmake)
[3.054s] -- Found Python3: /home/akash/.espressif/python_env/idf5.2_py3.10_env/bin/python3 (found version "3.10.12") found components: Interpreter 
[3.208s] -- Found rclcpp: 16.0.10 (/opt/ros/humble/share/rclcpp/cmake)
[3.550s] -- Found rosidl_generator_c: 3.1.5 (/opt/ros/humble/share/rosidl_generator_c/cmake)
[3.558s] -- Found rosidl_adapter: 3.1.5 (/opt/ros/humble/share/rosidl_adapter/cmake)
[3.572s] -- Found rosidl_generator_cpp: 3.1.5 (/opt/ros/humble/share/rosidl_generator_cpp/cmake)
[3.595s] -- Using all available rosidl_typesupport_c: rosidl_typesupport_fastrtps_c;rosidl_typesupport_introspection_c
[3.664s] -- Using all available rosidl_typesupport_cpp: rosidl_typesupport_fastrtps_cpp;rosidl_typesupport_introspection_cpp
[3.762s] -- Found rmw_implementation_cmake: 6.1.2 (/opt/ros/humble/share/rmw_implementation_cmake/cmake)
[3.768s] -- Found rmw_fastrtps_cpp: 6.2.7 (/opt/ros/humble/share/rmw_fastrtps_cpp/cmake)
[4.852s] -- Found OpenSSL: /usr/lib/x86_64-linux-gnu/libcrypto.so (found version "3.0.2")  
[5.763s] -- Found FastRTPS: /opt/ros/humble/include  
[7.370s] -- Using RMW implementation 'rmw_fastrtps_cpp' as default
[7.452s] -- Looking for pthread.h
[7.703s] -- Looking for pthread.h - found
[7.704s] -- Performing Test CMAKE_HAVE_LIBC_PTHREAD
[7.824s] -- Performing Test CMAKE_HAVE_LIBC_PTHREAD - Success
[7.824s] -- Found Threads: TRUE  
[8.012s] -- Found nav_msgs: 4.2.4 (/opt/ros/humble/share/nav_msgs/cmake)
[8.071s] -- Found sensor_msgs: 4.2.4 (/opt/ros/humble/share/sensor_msgs/cmake)
[8.115s] -- Found tf2: 0.25.8 (/opt/ros/humble/share/tf2/cmake)
[8.156s] -- Found ament_lint_auto: 0.12.11 (/opt/ros/humble/share/ament_lint_auto/cmake)
[8.319s] -- Added test 'copyright' to check source files copyright and LICENSE
[8.337s] -- Added test 'cppcheck' to perform static code analysis on C / C++ code
[8.337s] -- Configured cppcheck include dirs: $<BUILD_INTERFACE:/home/akash/dung_cleaner_robot/ROS/robot_base/include>
[8.337s] -- Configured cppcheck exclude dirs and/or files: 
[8.342s] -- Added test 'cpplint' to check C / C++ code against the Google style
[8.342s] -- Configured cpplint exclude dirs and/or files: 
[8.345s] -- Added test 'lint_cmake' to check CMake code style
[8.351s] -- Added test 'uncrustify' to check C / C++ code style
[8.351s] -- Configured uncrustify additional arguments: 
[8.353s] -- Added test 'xmllint' to check XML markup files
[8.357s] -- Configuring done
[8.385s] -- Generating done
[8.397s] -- Build files have been written to: /home/akash/dung_cleaner_robot/ROS/robot_base/build/robot_base
[8.406s] Invoked command in '/home/akash/dung_cleaner_robot/ROS/robot_base/build/robot_base' returned '0': CMAKE_PREFIX_PATH=${CMAKE_PREFIX_PATH}:/opt/ros/humble /usr/bin/cmake /home/akash/dung_cleaner_robot/ROS/robot_base -DCMAKE_INSTALL_PREFIX=/home/akash/dung_cleaner_robot/ROS/robot_base/install/robot_base
[8.410s] Invoking command in '/home/akash/dung_cleaner_robot/ROS/robot_base/build/robot_base': CMAKE_PREFIX_PATH=${CMAKE_PREFIX_PATH}:/opt/ros/humble /usr/bin/cmake --build /home/akash/dung_cleaner_robot/ROS/robot_base/build/robot_base -- -j4 -l4
[8.476s] [ 33%] [32mBuilding CXX object CMakeFiles/robot_base_node.dir/src/odometry.cpp.o[0m
[8.481s] [ 66%] [32mBuilding CXX object CMakeFiles/robot_base_node.dir/src/app.cpp.o[0m
[17.867s] [100%] [32m[1mLinking CXX executable robot_base_node[0m
[18.678s] [100%] Built target robot_base_node
[18.697s] Invoked command in '/home/akash/dung_cleaner_robot/ROS/robot_base/build/robot_base' returned '0': CMAKE_PREFIX_PATH=${CMAKE_PREFIX_PATH}:/opt/ros/humble /usr/bin/cmake --build /home/akash/dung_cleaner_robot/ROS/robot_base/build/robot_base -- -j4 -l4
[18.703s] Invoking command in '/home/akash/dung_cleaner_robot/ROS/robot_base/build/robot_base': CMAKE_PREFIX_PATH=${CMAKE_PREFIX_PATH}:/opt/ros/humble /usr/bin/cmake --install /home/akash/dung_cleaner_robot/ROS/robot_base/build/robot_base
[18.707s] -- Install configuration: ""
[18.712s] -- Installing: /home/akash/dung_cleaner_robot/ROS/robot_base/install/robot_base/lib/robot_base/robot_base_node
[18.715s] -- Set runtime path of "/home/akash/dung_cleaner_robot/ROS/robot_base/install/robot_base/lib/robot_base/robot_base_node" to ""
[18.715s] -- Installing: /home/akash/dung_cleaner_robot/ROS/robot_base/install/robot_base/share/ament_index/resource_index/package_run_dependencies/robot_base
[18.725s] -- Installing: /home/akash/dung_cleaner_robot/ROS/robot_base/install/robot_base/share/ament_index/resource_index/parent_prefix_path/robot_base
[18.727s] -- Installing: /home/akash/dung_cleaner_robot/ROS/robot_base/install/robot_base/share/robot_base/environment/ament_prefix_path.sh
[18.727s] -- Installing: /home/akash/dung_cleaner_robot/ROS/robot_base/install/robot_base/share/robot_base/environment/ament_prefix_path.dsv
[18.727s] -- Installing: /home/akash/dung_cleaner_robot/ROS/robot_base/install/robot_base/share/robot_base/environment/path.sh
[18.729s] -- Installing: /home/akash/dung_cleaner_robot/ROS/robot_base/install/robot_base/share/robot_base/environment/path.dsv
[18.729s] -- Installing: /home/akash/dung_cleaner_robot/ROS/robot_base/install/robot_base/share/robot_base/local_setup.bash
[18.729s] -- Installing: /home/akash/dung_cleaner_robot/ROS/robot_base/install/robot_base/share/robot_base/local_setup.sh
[18.730s] -- Installing: /home/akash/dung_cleaner_robot/ROS/robot_base/install/robot_base/share/robot_base/local_setup.zsh
[18.730s] -- Installing: /home/akash/dung_cleaner_robot/ROS/robot_base/install/robot_base/share/robot_base/local_setup.dsv
[18.730s] -- Installing: /home/akash/dung_cleaner_robot/ROS/robot_base/install/robot_base/share/robot_base/package.dsv
[18.731s] -- Installing: /home/akash/dung_cleaner_robot/ROS/robot_base/install/robot_base/share/ament_index/resource_index/packages/robot_base
[18.732s] -- Installing: /home/akash/dung_cleaner_robot/ROS/robot_base/install/robot_base/share/robot_base/cmake/robot_baseConfig.cmake
[18.732s] -- Installing: /home/akash/dung_cleaner_robot/ROS/robot_base/install/robot_base/share/robot_base/cmake/robot_baseConfig-version.cmake
[18.732s] -- Installing: /home/akash/dung_cleaner_robot/ROS/robot_base/install/robot_base/share/robot_base/package.xml
[18.734s] Invoked command in '/home/akash/dung_cleaner_robot/ROS/robot_base/build/robot_base' returned '0': CMAKE_PREFIX_PATH=${CMAKE_PREFIX_PATH}:/opt/ros/humble /usr/bin/cmake --install /home/akash/dung_cleaner_robot/ROS/robot_base/build/robot_base
