Error parsing '/home/akash/dung_cleaner_robot/ROS/robot_base/package.xml':
Traceback (most recent call last):
  File "/opt/ros/humble/share/ament_cmake_core/cmake/core/package_xml_2_cmake.py", line 150, in <module>
    main()
  File "/opt/ros/humble/share/ament_cmake_core/cmake/core/package_xml_2_cmake.py", line 53, in main
    raise e
  File "/opt/ros/humble/share/ament_cmake_core/cmake/core/package_xml_2_cmake.py", line 49, in main
    package = parse_package_string(
  File "/home/akash/.espressif/python_env/idf5.2_py3.10_env/lib/python3.10/site-packages/catkin_pkg/package.py", line 788, in parse_package_string
    pkg.validate(warnings=warnings)
  File "/home/akash/.espressif/python_env/idf5.2_py3.10_env/lib/python3.10/site-packages/catkin_pkg/package.py", line 330, in validate
    raise InvalidPackage('\n'.join(errors), self.filename)
catkin_pkg.package.InvalidPackage: Error(s) in package '/home/akash/dung_cleaner_robot/ROS/robot_base/package.xml':
Package version "1.0" does not follow version conventions
[31mCMake Error at /opt/ros/humble/share/ament_cmake_core/cmake/core/ament_package_xml.cmake:95 (message):
  
  execute_process(/home/akash/.espressif/python_env/idf5.2_py3.10_env/bin/python3
  /opt/ros/humble/share/ament_cmake_core/cmake/core/package_xml_2_cmake.py
  /home/akash/dung_cleaner_robot/ROS/robot_base/package.xml
  /home/akash/dung_cleaner_robot/ROS/robot_base/build/robot_base/ament_cmake_core/package.cmake)
  returned error code 1
Call Stack (most recent call first):
  /opt/ros/humble/share/ament_cmake_core/cmake/core/ament_package_xml.cmake:49 (_ament_package_xml)
  /opt/ros/humble/share/ament_lint_auto/cmake/ament_lint_auto_find_test_dependencies.cmake:31 (ament_package_xml)
  CMakeLists.txt:54 (ament_lint_auto_find_test_dependencies)

[0m
