[0.026s] Invoking command in '/home/akash/dung_cleaner_robot/ROS/robot_base/build/robot_base': /usr/bin/cmake /home/akash/dung_cleaner_robot/ROS/robot_base -DCMAKE_INSTALL_PREFIX=/home/akash/dung_cleaner_robot/ROS/robot_base/install/robot_base
[0.414s] -- The C compiler identification is GNU 11.4.0
[0.798s] -- The CXX compiler identification is GNU 11.4.0
[0.994s] -- Detecting C compiler ABI info
[1.107s] -- Detecting C compiler ABI info - done
[1.112s] -- Check for working C compiler: /usr/bin/cc - skipped
[1.114s] -- Detecting C compile features
[1.115s] -- Detecting C compile features - done
[1.119s] -- Detecting CXX compiler ABI info
[1.219s] -- Detecting CXX compiler ABI info - done
[1.224s] -- Check for working CXX compiler: /usr/bin/c++ - skipped
[1.224s] -- Detecting CXX compile features
[1.225s] -- Detecting CXX compile features - done
[1.241s] -- Found ament_cmake: 1.3.10 (/opt/ros/humble/share/ament_cmake/cmake)
[1.501s] -- Found Python3: /home/akash/.espressif/python_env/idf5.2_py3.10_env/bin/python3 (found version "3.10.12") found components: Interpreter 
[1.622s] -- Found rclcpp: 16.0.10 (/opt/ros/humble/share/rclcpp/cmake)
[1.779s] -- Found rosidl_generator_c: 3.1.5 (/opt/ros/humble/share/rosidl_generator_c/cmake)
[1.787s] -- Found rosidl_adapter: 3.1.5 (/opt/ros/humble/share/rosidl_adapter/cmake)
[1.802s] -- Found rosidl_generator_cpp: 3.1.5 (/opt/ros/humble/share/rosidl_generator_cpp/cmake)
[1.826s] -- Using all available rosidl_typesupport_c: rosidl_typesupport_fastrtps_c;rosidl_typesupport_introspection_c
[1.852s] -- Using all available rosidl_typesupport_cpp: rosidl_typesupport_fastrtps_cpp;rosidl_typesupport_introspection_cpp
[1.961s] -- Found rmw_implementation_cmake: 6.1.2 (/opt/ros/humble/share/rmw_implementation_cmake/cmake)
[1.966s] -- Found rmw_fastrtps_cpp: 6.2.7 (/opt/ros/humble/share/rmw_fastrtps_cpp/cmake)
[2.791s] -- Found OpenSSL: /usr/lib/x86_64-linux-gnu/libcrypto.so (found version "3.0.2")  
[3.475s] -- Found FastRTPS: /opt/ros/humble/include  
[4.639s] -- Using RMW implementation 'rmw_fastrtps_cpp' as default
[4.656s] -- Looking for pthread.h
[4.775s] -- Looking for pthread.h - found
[4.775s] -- Performing Test CMAKE_HAVE_LIBC_PTHREAD
[4.869s] -- Performing Test CMAKE_HAVE_LIBC_PTHREAD - Success
[4.870s] -- Found Threads: TRUE  
[4.953s] -- Found nav_msgs: 4.2.4 (/opt/ros/humble/share/nav_msgs/cmake)
[5.004s] -- Found sensor_msgs: 4.2.4 (/opt/ros/humble/share/sensor_msgs/cmake)
[5.041s] -- Found tf2: 0.25.8 (/opt/ros/humble/share/tf2/cmake)
[5.058s] -- Found ament_lint_auto: 0.12.11 (/opt/ros/humble/share/ament_lint_auto/cmake)
[5.107s] Error parsing '/home/akash/dung_cleaner_robot/ROS/robot_base/package.xml':
[5.107s] Traceback (most recent call last):
[5.107s]   File "/opt/ros/humble/share/ament_cmake_core/cmake/core/package_xml_2_cmake.py", line 150, in <module>
[5.108s]     main()
[5.108s]   File "/opt/ros/humble/share/ament_cmake_core/cmake/core/package_xml_2_cmake.py", line 53, in main
[5.108s]     raise e
[5.108s]   File "/opt/ros/humble/share/ament_cmake_core/cmake/core/package_xml_2_cmake.py", line 49, in main
[5.108s]     package = parse_package_string(
[5.108s]   File "/home/akash/.espressif/python_env/idf5.2_py3.10_env/lib/python3.10/site-packages/catkin_pkg/package.py", line 788, in parse_package_string
[5.109s]     pkg.validate(warnings=warnings)
[5.109s]   File "/home/akash/.espressif/python_env/idf5.2_py3.10_env/lib/python3.10/site-packages/catkin_pkg/package.py", line 330, in validate
[5.109s]     raise InvalidPackage('\n'.join(errors), self.filename)
[5.109s] catkin_pkg.package.InvalidPackage: Error(s) in package '/home/akash/dung_cleaner_robot/ROS/robot_base/package.xml':
[5.109s] Package version "1.0" does not follow version conventions
[5.117s] [31mCMake Error at /opt/ros/humble/share/ament_cmake_core/cmake/core/ament_package_xml.cmake:95 (message):
[5.117s]   
[5.117s]   execute_process(/home/akash/.espressif/python_env/idf5.2_py3.10_env/bin/python3
[5.117s]   /opt/ros/humble/share/ament_cmake_core/cmake/core/package_xml_2_cmake.py
[5.117s]   /home/akash/dung_cleaner_robot/ROS/robot_base/package.xml
[5.117s]   /home/akash/dung_cleaner_robot/ROS/robot_base/build/robot_base/ament_cmake_core/package.cmake)
[5.117s]   returned error code 1
[5.117s] Call Stack (most recent call first):
[5.117s]   /opt/ros/humble/share/ament_cmake_core/cmake/core/ament_package_xml.cmake:49 (_ament_package_xml)
[5.117s]   /opt/ros/humble/share/ament_lint_auto/cmake/ament_lint_auto_find_test_dependencies.cmake:31 (ament_package_xml)
[5.117s]   CMakeLists.txt:54 (ament_lint_auto_find_test_dependencies)
[5.117s] 
[5.117s] [0m
[5.117s] -- Configuring incomplete, errors occurred!
[5.118s] See also "/home/akash/dung_cleaner_robot/ROS/robot_base/build/robot_base/CMakeFiles/CMakeOutput.log".
[5.124s] Invoked command in '/home/akash/dung_cleaner_robot/ROS/robot_base/build/robot_base' returned '1': /usr/bin/cmake /home/akash/dung_cleaner_robot/ROS/robot_base -DCMAKE_INSTALL_PREFIX=/home/akash/dung_cleaner_robot/ROS/robot_base/install/robot_base
