[0.049s] Invoking command in '/home/akash/dung_cleaner_robot/ROS/robot_base/build/robot_base': CMAKE_PREFIX_PATH=${CMAKE_PREFIX_PATH}:/opt/ros/humble /usr/bin/cmake /home/akash/dung_cleaner_robot/ROS/robot_base -DCMAKE_INSTALL_PREFIX=/home/akash/dung_cleaner_robot/ROS/robot_base/install/robot_base
[0.853s] -- The C compiler identification is GNU 11.4.0
[1.296s] -- The CXX compiler identification is GNU 11.4.0
[1.654s] -- Detecting C compiler ABI info
[1.915s] -- Detecting C compiler ABI info - done
[1.920s] -- Check for working C compiler: /usr/bin/cc - skipped
[1.922s] -- Detecting C compile features
[1.922s] -- Detecting C compile features - done
[1.930s] -- Detecting CXX compiler ABI info
[2.079s] -- Detecting CXX compiler ABI info - done
[2.084s] -- Check for working CXX compiler: /usr/bin/c++ - skipped
[2.085s] -- Detecting CXX compile features
[2.085s] -- Detecting CXX compile features - done
[2.150s] -- Found ament_cmake: 1.3.10 (/opt/ros/humble/share/ament_cmake/cmake)
[2.632s] -- Found Python3: /home/akash/.espressif/python_env/idf5.2_py3.10_env/bin/python3 (found version "3.10.12") found components: Interpreter 
[2.753s] -- Found rclcpp: 16.0.10 (/opt/ros/humble/share/rclcpp/cmake)
[3.126s] -- Found rosidl_generator_c: 3.1.5 (/opt/ros/humble/share/rosidl_generator_c/cmake)
[3.142s] -- Found rosidl_adapter: 3.1.5 (/opt/ros/humble/share/rosidl_adapter/cmake)
[3.150s] -- Found rosidl_generator_cpp: 3.1.5 (/opt/ros/humble/share/rosidl_generator_cpp/cmake)
[3.182s] -- Using all available rosidl_typesupport_c: rosidl_typesupport_fastrtps_c;rosidl_typesupport_introspection_c
[3.218s] -- Using all available rosidl_typesupport_cpp: rosidl_typesupport_fastrtps_cpp;rosidl_typesupport_introspection_cpp
[3.313s] -- Found rmw_implementation_cmake: 6.1.2 (/opt/ros/humble/share/rmw_implementation_cmake/cmake)
[3.318s] -- Found rmw_fastrtps_cpp: 6.2.7 (/opt/ros/humble/share/rmw_fastrtps_cpp/cmake)
[4.583s] -- Found OpenSSL: /usr/lib/x86_64-linux-gnu/libcrypto.so (found version "3.0.2")  
[5.341s] -- Found FastRTPS: /opt/ros/humble/include  
[6.577s] -- Using RMW implementation 'rmw_fastrtps_cpp' as default
[6.585s] -- Looking for pthread.h
[6.689s] -- Looking for pthread.h - found
[6.690s] -- Performing Test CMAKE_HAVE_LIBC_PTHREAD
[6.792s] -- Performing Test CMAKE_HAVE_LIBC_PTHREAD - Success
[6.793s] -- Found Threads: TRUE  
[6.829s] -- Found nav_msgs: 4.2.4 (/opt/ros/humble/share/nav_msgs/cmake)
[6.858s] -- Found sensor_msgs: 4.2.4 (/opt/ros/humble/share/sensor_msgs/cmake)
[6.880s] -- Found tf2: 0.25.8 (/opt/ros/humble/share/tf2/cmake)
[6.889s] -- Found ament_lint_auto: 0.12.11 (/opt/ros/humble/share/ament_lint_auto/cmake)
[6.968s] -- Added test 'copyright' to check source files copyright and LICENSE
[6.971s] -- Added test 'cppcheck' to perform static code analysis on C / C++ code
[6.971s] -- Configured cppcheck include dirs: $<BUILD_INTERFACE:/home/akash/dung_cleaner_robot/ROS/robot_base/include>
[6.971s] -- Configured cppcheck exclude dirs and/or files: 
[6.975s] -- Added test 'cpplint' to check C / C++ code against the Google style
[6.975s] -- Configured cpplint exclude dirs and/or files: 
[6.976s] -- Added test 'lint_cmake' to check CMake code style
[6.980s] -- Added test 'uncrustify' to check C / C++ code style
[6.980s] -- Configured uncrustify additional arguments: 
[6.981s] -- Added test 'xmllint' to check XML markup files
[6.986s] -- Configuring done
[6.995s] -- Generating done
[6.999s] -- Build files have been written to: /home/akash/dung_cleaner_robot/ROS/robot_base/build/robot_base
[7.008s] Invoked command in '/home/akash/dung_cleaner_robot/ROS/robot_base/build/robot_base' returned '0': CMAKE_PREFIX_PATH=${CMAKE_PREFIX_PATH}:/opt/ros/humble /usr/bin/cmake /home/akash/dung_cleaner_robot/ROS/robot_base -DCMAKE_INSTALL_PREFIX=/home/akash/dung_cleaner_robot/ROS/robot_base/install/robot_base
[7.008s] Invoking command in '/home/akash/dung_cleaner_robot/ROS/robot_base/build/robot_base': CMAKE_PREFIX_PATH=${CMAKE_PREFIX_PATH}:/opt/ros/humble /usr/bin/cmake --build /home/akash/dung_cleaner_robot/ROS/robot_base/build/robot_base -- -j4 -l4
[7.052s] [ 33%] [32mBuilding CXX object CMakeFiles/robot_base_node.dir/src/app.cpp.o[0m
[7.052s] [ 66%] [32mBuilding CXX object CMakeFiles/robot_base_node.dir/src/odometry.cpp.o[0m
[19.305s] [100%] [32m[1mLinking CXX executable robot_base_node[0m
[19.747s] [100%] Built target robot_base_node
[19.823s] Invoked command in '/home/akash/dung_cleaner_robot/ROS/robot_base/build/robot_base' returned '0': CMAKE_PREFIX_PATH=${CMAKE_PREFIX_PATH}:/opt/ros/humble /usr/bin/cmake --build /home/akash/dung_cleaner_robot/ROS/robot_base/build/robot_base -- -j4 -l4
[19.839s] Invoking command in '/home/akash/dung_cleaner_robot/ROS/robot_base/build/robot_base': CMAKE_PREFIX_PATH=${CMAKE_PREFIX_PATH}:/opt/ros/humble /usr/bin/cmake --install /home/akash/dung_cleaner_robot/ROS/robot_base/build/robot_base
[19.844s] -- Install configuration: ""
[19.859s] -- Installing: /home/akash/dung_cleaner_robot/ROS/robot_base/install/robot_base/lib/robot_base/robot_base_node
[19.862s] -- Set runtime path of "/home/akash/dung_cleaner_robot/ROS/robot_base/install/robot_base/lib/robot_base/robot_base_node" to ""
[19.863s] -- Installing: /home/akash/dung_cleaner_robot/ROS/robot_base/install/robot_base/share/ament_index/resource_index/package_run_dependencies/robot_base
[19.863s] -- Installing: /home/akash/dung_cleaner_robot/ROS/robot_base/install/robot_base/share/ament_index/resource_index/parent_prefix_path/robot_base
[19.863s] -- Installing: /home/akash/dung_cleaner_robot/ROS/robot_base/install/robot_base/share/robot_base/environment/ament_prefix_path.sh
[19.864s] -- Installing: /home/akash/dung_cleaner_robot/ROS/robot_base/install/robot_base/share/robot_base/environment/ament_prefix_path.dsv
[19.864s] -- Installing: /home/akash/dung_cleaner_robot/ROS/robot_base/install/robot_base/share/robot_base/environment/path.sh
[19.864s] -- Installing: /home/akash/dung_cleaner_robot/ROS/robot_base/install/robot_base/share/robot_base/environment/path.dsv
[19.864s] -- Installing: /home/akash/dung_cleaner_robot/ROS/robot_base/install/robot_base/share/robot_base/local_setup.bash
[19.865s] -- Installing: /home/akash/dung_cleaner_robot/ROS/robot_base/install/robot_base/share/robot_base/local_setup.sh
[19.865s] -- Installing: /home/akash/dung_cleaner_robot/ROS/robot_base/install/robot_base/share/robot_base/local_setup.zsh
[19.865s] -- Installing: /home/akash/dung_cleaner_robot/ROS/robot_base/install/robot_base/share/robot_base/local_setup.dsv
[19.865s] -- Installing: /home/akash/dung_cleaner_robot/ROS/robot_base/install/robot_base/share/robot_base/package.dsv
[19.865s] -- Installing: /home/akash/dung_cleaner_robot/ROS/robot_base/install/robot_base/share/ament_index/resource_index/packages/robot_base
[19.865s] -- Installing: /home/akash/dung_cleaner_robot/ROS/robot_base/install/robot_base/share/robot_base/cmake/robot_baseConfig.cmake
[19.865s] -- Installing: /home/akash/dung_cleaner_robot/ROS/robot_base/install/robot_base/share/robot_base/cmake/robot_baseConfig-version.cmake
[19.871s] -- Installing: /home/akash/dung_cleaner_robot/ROS/robot_base/install/robot_base/share/robot_base/package.xml
[19.874s] Invoked command in '/home/akash/dung_cleaner_robot/ROS/robot_base/build/robot_base' returned '0': CMAKE_PREFIX_PATH=${CMAKE_PREFIX_PATH}:/opt/ros/humble /usr/bin/cmake --install /home/akash/dung_cleaner_robot/ROS/robot_base/build/robot_base
