[0.562s] DEBUG:colcon:Command line arguments: ['/home/akash/.espressif/python_env/idf5.2_py3.10_env/bin/colcon', 'build']
[0.562s] DEBUG:colcon:Parsed command line arguments: Namespace(log_base=None, log_level=None, verb_name='build', build_base='build', install_base='install', merge_install=False, symlink_install=False, test_result_base=None, continue_on_error=False, executor='parallel', parallel_workers=4, event_handlers=None, ignore_user_meta=False, metas=['./colcon.meta'], base_paths=['.'], packages_ignore=None, packages_ignore_regex=None, paths=None, packages_up_to=None, packages_up_to_regex=None, packages_above=None, packages_above_and_dependencies=None, packages_above_depth=None, packages_select_by_dep=None, packages_skip_by_dep=None, packages_skip_up_to=None, packages_select_build_failed=False, packages_skip_build_finished=False, packages_select_test_failures=False, packages_skip_test_passed=False, packages_select=None, packages_skip=None, packages_select_regex=None, packages_skip_regex=None, packages_start=None, packages_end=None, cmake_args=None, cmake_target=None, cmake_target_skip_unavailable=False, cmake_clean_cache=False, cmake_clean_first=False, cmake_force_configure=False, ament_cmake_args=None, catkin_cmake_args=None, catkin_skip_building_tests=False, verb_parser=<colcon_defaults.argument_parser.defaults.DefaultArgumentsDecorator object at 0x7f13b8e55150>, verb_extension=<colcon_core.verb.build.BuildVerb object at 0x7f13b8e54c40>, main=<bound method BuildVerb.main of <colcon_core.verb.build.BuildVerb object at 0x7f13b8e54c40>>)
[0.680s] Level 1:colcon.colcon_core.package_discovery:discover_packages(colcon_meta) check parameters
[0.680s] Level 1:colcon.colcon_core.package_discovery:discover_packages(recursive) check parameters
[0.680s] Level 1:colcon.colcon_core.package_discovery:discover_packages(ignore) check parameters
[0.680s] Level 1:colcon.colcon_core.package_discovery:discover_packages(path) check parameters
[0.680s] Level 1:colcon.colcon_core.package_discovery:discover_packages(colcon_meta) discover
[0.680s] Level 1:colcon.colcon_core.package_discovery:discover_packages(recursive) discover
[0.680s] INFO:colcon.colcon_core.package_discovery:Crawling recursively for packages in '/home/akash/dung_cleaner_robot/ROS/robot_base'
[0.680s] Level 1:colcon.colcon_core.package_identification:_identify(.) by extensions ['ignore', 'ignore_ament_install']
[0.681s] Level 1:colcon.colcon_core.package_identification:_identify(.) by extension 'ignore'
[0.681s] Level 1:colcon.colcon_core.package_identification:_identify(.) by extension 'ignore_ament_install'
[0.681s] Level 1:colcon.colcon_core.package_identification:_identify(.) by extensions ['colcon_pkg']
[0.681s] Level 1:colcon.colcon_core.package_identification:_identify(.) by extension 'colcon_pkg'
[0.681s] Level 1:colcon.colcon_core.package_identification:_identify(.) by extensions ['colcon_meta']
[0.681s] Level 1:colcon.colcon_core.package_identification:_identify(.) by extension 'colcon_meta'
[0.681s] Level 1:colcon.colcon_core.package_identification:_identify(.) by extensions ['ros']
[0.681s] Level 1:colcon.colcon_core.package_identification:_identify(.) by extension 'ros'
[0.733s] DEBUG:colcon.colcon_core.package_identification:Package '.' with type 'ros.ament_cmake' and name 'robot_base'
[0.733s] Level 1:colcon.colcon_core.package_discovery:discover_packages(recursive) using defaults
[0.733s] Level 1:colcon.colcon_core.package_discovery:discover_packages(ignore) discover
[0.733s] Level 1:colcon.colcon_core.package_discovery:discover_packages(ignore) using defaults
[0.733s] Level 1:colcon.colcon_core.package_discovery:discover_packages(path) discover
[0.733s] Level 1:colcon.colcon_core.package_discovery:discover_packages(path) using defaults
[0.775s] Level 5:colcon.colcon_core.verb:set package 'robot_base' build argument 'cmake_args' from command line to 'None'
[0.775s] Level 5:colcon.colcon_core.verb:set package 'robot_base' build argument 'cmake_target' from command line to 'None'
[0.775s] Level 5:colcon.colcon_core.verb:set package 'robot_base' build argument 'cmake_target_skip_unavailable' from command line to 'False'
[0.775s] Level 5:colcon.colcon_core.verb:set package 'robot_base' build argument 'cmake_clean_cache' from command line to 'False'
[0.775s] Level 5:colcon.colcon_core.verb:set package 'robot_base' build argument 'cmake_clean_first' from command line to 'False'
[0.775s] Level 5:colcon.colcon_core.verb:set package 'robot_base' build argument 'cmake_force_configure' from command line to 'False'
[0.775s] Level 5:colcon.colcon_core.verb:set package 'robot_base' build argument 'ament_cmake_args' from command line to 'None'
[0.775s] Level 5:colcon.colcon_core.verb:set package 'robot_base' build argument 'catkin_cmake_args' from command line to 'None'
[0.775s] Level 5:colcon.colcon_core.verb:set package 'robot_base' build argument 'catkin_skip_building_tests' from command line to 'False'
[0.775s] DEBUG:colcon.colcon_core.verb:Building package 'robot_base' with the following arguments: {'ament_cmake_args': None, 'build_base': '/home/akash/dung_cleaner_robot/ROS/robot_base/build/robot_base', 'catkin_cmake_args': None, 'catkin_skip_building_tests': False, 'cmake_args': None, 'cmake_clean_cache': False, 'cmake_clean_first': False, 'cmake_force_configure': False, 'cmake_target': None, 'cmake_target_skip_unavailable': False, 'install_base': '/home/akash/dung_cleaner_robot/ROS/robot_base/install/robot_base', 'merge_install': False, 'path': '/home/akash/dung_cleaner_robot/ROS/robot_base', 'symlink_install': False, 'test_result_base': None}
[0.775s] INFO:colcon.colcon_core.executor:Executing jobs using 'parallel' executor
[0.777s] DEBUG:colcon.colcon_parallel_executor.executor.parallel:run_until_complete
[0.777s] INFO:colcon.colcon_ros.task.ament_cmake.build:Building ROS package in '/home/akash/dung_cleaner_robot/ROS/robot_base' with build type 'ament_cmake'
[0.778s] INFO:colcon.colcon_cmake.task.cmake.build:Building CMake package in '/home/akash/dung_cleaner_robot/ROS/robot_base'
[0.786s] INFO:colcon.colcon_core.plugin_system:Skipping extension 'colcon_core.shell.bat': Not used on non-Windows systems
[0.786s] INFO:colcon.colcon_core.shell:Skip shell extension 'powershell' for command environment: Not usable outside of PowerShell
[0.786s] DEBUG:colcon.colcon_core.shell:Skip shell extension 'dsv' for command environment
[0.822s] DEBUG:colcon.colcon_core.event_handler.log_command:Invoking command in '/home/akash/dung_cleaner_robot/ROS/robot_base/build/robot_base': CMAKE_PREFIX_PATH=/opt/ros/humble /usr/bin/cmake --build /home/akash/dung_cleaner_robot/ROS/robot_base/build/robot_base -- -j4 -l4
[11.601s] DEBUG:colcon.colcon_core.event_handler.log_command:Invoked command in '/home/akash/dung_cleaner_robot/ROS/robot_base/build/robot_base' returned '0': CMAKE_PREFIX_PATH=/opt/ros/humble /usr/bin/cmake --build /home/akash/dung_cleaner_robot/ROS/robot_base/build/robot_base -- -j4 -l4
[11.615s] DEBUG:colcon.colcon_core.event_handler.log_command:Invoking command in '/home/akash/dung_cleaner_robot/ROS/robot_base/build/robot_base': CMAKE_PREFIX_PATH=/opt/ros/humble /usr/bin/cmake --install /home/akash/dung_cleaner_robot/ROS/robot_base/build/robot_base
[11.651s] Level 1:colcon.colcon_core.environment:create_environment_scripts_only(robot_base)
[11.652s] DEBUG:colcon.colcon_core.event_handler.log_command:Invoked command in '/home/akash/dung_cleaner_robot/ROS/robot_base/build/robot_base' returned '0': CMAKE_PREFIX_PATH=/opt/ros/humble /usr/bin/cmake --install /home/akash/dung_cleaner_robot/ROS/robot_base/build/robot_base
[11.663s] Level 1:colcon.colcon_core.environment:checking '/home/akash/dung_cleaner_robot/ROS/robot_base/install/robot_base' for CMake module files
[11.664s] Level 1:colcon.colcon_core.environment:checking '/home/akash/dung_cleaner_robot/ROS/robot_base/install/robot_base' for CMake config files
[11.664s] Level 1:colcon.colcon_core.shell:create_environment_hook('robot_base', 'cmake_prefix_path')
[11.664s] INFO:colcon.colcon_core.shell:Creating environment hook '/home/akash/dung_cleaner_robot/ROS/robot_base/install/robot_base/share/robot_base/hook/cmake_prefix_path.ps1'
[11.667s] INFO:colcon.colcon_core.shell:Creating environment descriptor '/home/akash/dung_cleaner_robot/ROS/robot_base/install/robot_base/share/robot_base/hook/cmake_prefix_path.dsv'
[11.670s] INFO:colcon.colcon_core.shell:Creating environment hook '/home/akash/dung_cleaner_robot/ROS/robot_base/install/robot_base/share/robot_base/hook/cmake_prefix_path.sh'
[11.671s] Level 1:colcon.colcon_core.environment:checking '/home/akash/dung_cleaner_robot/ROS/robot_base/install/robot_base/lib'
[11.671s] Level 1:colcon.colcon_core.environment:checking '/home/akash/dung_cleaner_robot/ROS/robot_base/install/robot_base/bin'
[11.672s] Level 1:colcon.colcon_core.environment:checking '/home/akash/dung_cleaner_robot/ROS/robot_base/install/robot_base/lib/pkgconfig/robot_base.pc'
[11.673s] Level 1:colcon.colcon_core.environment:checking '/home/akash/dung_cleaner_robot/ROS/robot_base/install/robot_base/lib/python3.10/site-packages'
[11.673s] Level 1:colcon.colcon_core.environment:checking '/home/akash/dung_cleaner_robot/ROS/robot_base/install/robot_base/bin'
[11.674s] INFO:colcon.colcon_core.shell:Creating package script '/home/akash/dung_cleaner_robot/ROS/robot_base/install/robot_base/share/robot_base/package.ps1'
[11.675s] INFO:colcon.colcon_core.shell:Creating package descriptor '/home/akash/dung_cleaner_robot/ROS/robot_base/install/robot_base/share/robot_base/package.dsv'
[11.676s] INFO:colcon.colcon_core.shell:Creating package script '/home/akash/dung_cleaner_robot/ROS/robot_base/install/robot_base/share/robot_base/package.sh'
[11.677s] INFO:colcon.colcon_core.shell:Creating package script '/home/akash/dung_cleaner_robot/ROS/robot_base/install/robot_base/share/robot_base/package.bash'
[11.678s] INFO:colcon.colcon_core.shell:Creating package script '/home/akash/dung_cleaner_robot/ROS/robot_base/install/robot_base/share/robot_base/package.zsh'
[11.679s] Level 1:colcon.colcon_core.environment:create_file_with_runtime_dependencies(/home/akash/dung_cleaner_robot/ROS/robot_base/install/robot_base/share/colcon-core/packages/robot_base)
[11.680s] Level 1:colcon.colcon_core.environment:create_environment_scripts_only(robot_base)
[11.680s] Level 1:colcon.colcon_core.environment:checking '/home/akash/dung_cleaner_robot/ROS/robot_base/install/robot_base' for CMake module files
[11.680s] Level 1:colcon.colcon_core.environment:checking '/home/akash/dung_cleaner_robot/ROS/robot_base/install/robot_base' for CMake config files
[11.680s] Level 1:colcon.colcon_core.shell:create_environment_hook('robot_base', 'cmake_prefix_path')
[11.680s] INFO:colcon.colcon_core.shell:Creating environment hook '/home/akash/dung_cleaner_robot/ROS/robot_base/install/robot_base/share/robot_base/hook/cmake_prefix_path.ps1'
[11.681s] INFO:colcon.colcon_core.shell:Creating environment descriptor '/home/akash/dung_cleaner_robot/ROS/robot_base/install/robot_base/share/robot_base/hook/cmake_prefix_path.dsv'
[11.681s] INFO:colcon.colcon_core.shell:Creating environment hook '/home/akash/dung_cleaner_robot/ROS/robot_base/install/robot_base/share/robot_base/hook/cmake_prefix_path.sh'
[11.681s] Level 1:colcon.colcon_core.environment:checking '/home/akash/dung_cleaner_robot/ROS/robot_base/install/robot_base/lib'
[11.681s] Level 1:colcon.colcon_core.environment:checking '/home/akash/dung_cleaner_robot/ROS/robot_base/install/robot_base/bin'
[11.682s] Level 1:colcon.colcon_core.environment:checking '/home/akash/dung_cleaner_robot/ROS/robot_base/install/robot_base/lib/pkgconfig/robot_base.pc'
[11.682s] Level 1:colcon.colcon_core.environment:checking '/home/akash/dung_cleaner_robot/ROS/robot_base/install/robot_base/lib/python3.10/site-packages'
[11.682s] Level 1:colcon.colcon_core.environment:checking '/home/akash/dung_cleaner_robot/ROS/robot_base/install/robot_base/bin'
[11.682s] INFO:colcon.colcon_core.shell:Creating package script '/home/akash/dung_cleaner_robot/ROS/robot_base/install/robot_base/share/robot_base/package.ps1'
[11.682s] INFO:colcon.colcon_core.shell:Creating package descriptor '/home/akash/dung_cleaner_robot/ROS/robot_base/install/robot_base/share/robot_base/package.dsv'
[11.683s] INFO:colcon.colcon_core.shell:Creating package script '/home/akash/dung_cleaner_robot/ROS/robot_base/install/robot_base/share/robot_base/package.sh'
[11.683s] INFO:colcon.colcon_core.shell:Creating package script '/home/akash/dung_cleaner_robot/ROS/robot_base/install/robot_base/share/robot_base/package.bash'
[11.683s] INFO:colcon.colcon_core.shell:Creating package script '/home/akash/dung_cleaner_robot/ROS/robot_base/install/robot_base/share/robot_base/package.zsh'
[11.684s] Level 1:colcon.colcon_core.environment:create_file_with_runtime_dependencies(/home/akash/dung_cleaner_robot/ROS/robot_base/install/robot_base/share/colcon-core/packages/robot_base)
[11.684s] DEBUG:colcon.colcon_parallel_executor.executor.parallel:closing loop
[11.684s] DEBUG:colcon.colcon_parallel_executor.executor.parallel:loop closed
[11.684s] DEBUG:colcon.colcon_parallel_executor.executor.parallel:run_until_complete finished with '0'
[11.684s] DEBUG:colcon.colcon_core.event_reactor:joining thread
[11.690s] INFO:colcon.colcon_core.plugin_system:Skipping extension 'colcon_notification.desktop_notification.notify2': 'notify2' not found
[11.718s] INFO:colcon.colcon_core.plugin_system:Skipping extension 'colcon_notification.desktop_notification.notify_send': Could not find 'notify-send'
[11.718s] INFO:colcon.colcon_core.plugin_system:Skipping extension 'colcon_notification.desktop_notification.terminal_notifier': Not used on non-Darwin systems
[11.718s] INFO:colcon.colcon_core.plugin_system:Skipping extension 'colcon_notification.desktop_notification.win32': Not used on non-Windows systems
[11.718s] DEBUG:colcon.colcon_core.event_reactor:joined thread
[11.718s] INFO:colcon.colcon_core.shell:Creating prefix script '/home/akash/dung_cleaner_robot/ROS/robot_base/install/local_setup.ps1'
[11.720s] INFO:colcon.colcon_core.shell:Creating prefix util module '/home/akash/dung_cleaner_robot/ROS/robot_base/install/_local_setup_util_ps1.py'
[11.721s] INFO:colcon.colcon_core.shell:Creating prefix chain script '/home/akash/dung_cleaner_robot/ROS/robot_base/install/setup.ps1'
[11.722s] INFO:colcon.colcon_core.shell:Creating prefix script '/home/akash/dung_cleaner_robot/ROS/robot_base/install/local_setup.sh'
[11.723s] INFO:colcon.colcon_core.shell:Creating prefix util module '/home/akash/dung_cleaner_robot/ROS/robot_base/install/_local_setup_util_sh.py'
[11.724s] INFO:colcon.colcon_core.shell:Creating prefix chain script '/home/akash/dung_cleaner_robot/ROS/robot_base/install/setup.sh'
[11.725s] INFO:colcon.colcon_core.shell:Creating prefix script '/home/akash/dung_cleaner_robot/ROS/robot_base/install/local_setup.bash'
[11.726s] INFO:colcon.colcon_core.shell:Creating prefix chain script '/home/akash/dung_cleaner_robot/ROS/robot_base/install/setup.bash'
[11.727s] INFO:colcon.colcon_core.shell:Creating prefix script '/home/akash/dung_cleaner_robot/ROS/robot_base/install/local_setup.zsh'
[11.729s] INFO:colcon.colcon_core.shell:Creating prefix chain script '/home/akash/dung_cleaner_robot/ROS/robot_base/install/setup.zsh'
