[0.020s] Invoking command in '/home/akash/dung_cleaner_robot/ROS/robot_base/build/robot_base': CMAKE_PREFIX_PATH=/opt/ros/humble /usr/bin/cmake /home/akash/dung_cleaner_robot/ROS/robot_base -DCMAKE_INSTALL_PREFIX=/home/akash/dung_cleaner_robot/ROS/robot_base/install/robot_base
[0.026s] -- Found ament_cmake: 1.3.10 (/opt/ros/humble/share/ament_cmake/cmake)
[0.114s] -- Found rclcpp: 16.0.10 (/opt/ros/humble/share/rclcpp/cmake)
[0.196s] -- Found rosidl_generator_c: 3.1.5 (/opt/ros/humble/share/rosidl_generator_c/cmake)
[0.197s] -- Found rosidl_adapter: 3.1.5 (/opt/ros/humble/share/rosidl_adapter/cmake)
[0.202s] -- Found rosidl_generator_cpp: 3.1.5 (/opt/ros/humble/share/rosidl_generator_cpp/cmake)
[0.208s] -- Using all available rosidl_typesupport_c: rosidl_typesupport_fastrtps_c;rosidl_typesupport_introspection_c
[0.216s] -- Using all available rosidl_typesupport_cpp: rosidl_typesupport_fastrtps_cpp;rosidl_typesupport_introspection_cpp
[0.238s] -- Found rmw_implementation_cmake: 6.1.2 (/opt/ros/humble/share/rmw_implementation_cmake/cmake)
[0.239s] -- Found rmw_fastrtps_cpp: 6.2.7 (/opt/ros/humble/share/rmw_fastrtps_cpp/cmake)
[2.963s] -- Using RMW implementation 'rmw_fastrtps_cpp' as default
[2.996s] -- Found nav_msgs: 4.2.4 (/opt/ros/humble/share/nav_msgs/cmake)
[3.016s] -- Found sensor_msgs: 4.2.4 (/opt/ros/humble/share/sensor_msgs/cmake)
[3.027s] -- Found tf2: 0.25.8 (/opt/ros/humble/share/tf2/cmake)
[3.032s] -- Found ament_lint_auto: 0.12.11 (/opt/ros/humble/share/ament_lint_auto/cmake)
[3.134s] -- Added test 'copyright' to check source files copyright and LICENSE
[3.137s] -- Added test 'cppcheck' to perform static code analysis on C / C++ code
[3.137s] -- Configured cppcheck include dirs: $<BUILD_INTERFACE:/home/akash/dung_cleaner_robot/ROS/robot_base/include>
[3.138s] -- Configured cppcheck exclude dirs and/or files: 
[3.141s] -- Added test 'cpplint' to check C / C++ code against the Google style
[3.141s] -- Configured cpplint exclude dirs and/or files: 
[3.142s] -- Added test 'flake8' to check Python code syntax and style conventions
[3.144s] -- Added test 'lint_cmake' to check CMake code style
[3.145s] -- Added test 'pep257' to check Python code against some of the docstring style conventions in PEP 257
[3.148s] -- Added test 'uncrustify' to check C / C++ code style
[3.148s] -- Configured uncrustify additional arguments: 
[3.150s] -- Added test 'xmllint' to check XML markup files
[3.153s] -- Configuring done
[3.156s] [31mCMake Error at CMakeLists.txt:18 (add_executable):
[3.156s]   Cannot find source file:
[3.156s] 
[3.156s]     src/app_node.cpp
[3.156s] 
[3.156s]   Tried extensions .c .C .c++ .cc .cpp .cxx .cu .mpp .m .M .mm .ixx .cppm .h
[3.156s]   .hh .h++ .hm .hpp .hxx .in .txx .f .F .for .f77 .f90 .f95 .f03 .hip .ispc
[3.156s] 
[3.156s] [0m
[3.157s] [31mCMake Error at CMakeLists.txt:18 (add_executable):
[3.157s]   No SOURCES given to target: app_node
[3.157s] 
[3.157s] [0m
[3.157s] [0mCMake Generate step failed.  Build files cannot be regenerated correctly.[0m
[3.164s] Invoked command in '/home/akash/dung_cleaner_robot/ROS/robot_base/build/robot_base' returned '1': CMAKE_PREFIX_PATH=/opt/ros/humble /usr/bin/cmake /home/akash/dung_cleaner_robot/ROS/robot_base -DCMAKE_INSTALL_PREFIX=/home/akash/dung_cleaner_robot/ROS/robot_base/install/robot_base
